{"contracts/interfaces/CollateralJoinLike.sol":{"l":{},"path":"/Users/mortimr/projects/opyn-safe-saviour/contracts/interfaces/CollateralJoinLike.sol","s":{},"b":{},"f":{},"fnMap":{},"statementMap":{},"branchMap":{}},"contracts/interfaces/ERC20Like.sol":{"l":{},"path":"/Users/mortimr/projects/opyn-safe-saviour/contracts/interfaces/ERC20Like.sol","s":{},"b":{},"f":{},"fnMap":{},"statementMap":{},"branchMap":{}},"contracts/interfaces/GebSafeManagerLike.sol":{"l":{},"path":"/Users/mortimr/projects/opyn-safe-saviour/contracts/interfaces/GebSafeManagerLike.sol","s":{},"b":{},"f":{},"fnMap":{},"statementMap":{},"branchMap":{}},"contracts/interfaces/LiquidationEngineLike.sol":{"l":{},"path":"/Users/mortimr/projects/opyn-safe-saviour/contracts/interfaces/LiquidationEngineLike.sol","s":{},"b":{},"f":{},"fnMap":{},"statementMap":{},"branchMap":{}},"contracts/interfaces/OpynSafeSaviourOperatorLike.sol":{"l":{},"path":"/Users/mortimr/projects/opyn-safe-saviour/contracts/interfaces/OpynSafeSaviourOperatorLike.sol","s":{},"b":{},"f":{},"fnMap":{},"statementMap":{},"branchMap":{}},"contracts/interfaces/OpynV2ControllerLike.sol":{"l":{},"path":"/Users/mortimr/projects/opyn-safe-saviour/contracts/interfaces/OpynV2ControllerLike.sol","s":{},"b":{},"f":{},"fnMap":{},"statementMap":{},"branchMap":{}},"contracts/interfaces/OpynV2OTokenLike.sol":{"l":{},"path":"/Users/mortimr/projects/opyn-safe-saviour/contracts/interfaces/OpynV2OTokenLike.sol","s":{},"b":{},"f":{},"fnMap":{},"statementMap":{},"branchMap":{}},"contracts/interfaces/OpynV2WhitelistLike.sol":{"l":{},"path":"/Users/mortimr/projects/opyn-safe-saviour/contracts/interfaces/OpynV2WhitelistLike.sol","s":{},"b":{},"f":{},"fnMap":{},"statementMap":{},"branchMap":{}},"contracts/interfaces/OracleRelayerLike.sol":{"l":{},"path":"/Users/mortimr/projects/opyn-safe-saviour/contracts/interfaces/OracleRelayerLike.sol","s":{},"b":{},"f":{},"fnMap":{},"statementMap":{},"branchMap":{}},"contracts/interfaces/PriceFeedLike.sol":{"l":{},"path":"/Users/mortimr/projects/opyn-safe-saviour/contracts/interfaces/PriceFeedLike.sol","s":{},"b":{},"f":{},"fnMap":{},"statementMap":{},"branchMap":{}},"contracts/interfaces/SAFEEngineLike.sol":{"l":{},"path":"/Users/mortimr/projects/opyn-safe-saviour/contracts/interfaces/SAFEEngineLike.sol","s":{},"b":{},"f":{},"fnMap":{},"statementMap":{},"branchMap":{}},"contracts/interfaces/SafeSaviourLike.sol":{"l":{"25":169,"31":97},"path":"/Users/mortimr/projects/opyn-safe-saviour/contracts/interfaces/SafeSaviourLike.sol","s":{},"b":{},"f":{"1":169,"2":97},"fnMap":{"1":{"name":"both","line":24,"loc":{"start":{"line":24,"column":4},"end":{"line":28,"column":4}}},"2":{"name":"either","line":30,"loc":{"start":{"line":30,"column":4},"end":{"line":34,"column":4}}}},"statementMap":{},"branchMap":{}},"contracts/interfaces/SAFESaviourRegistryLike.sol":{"l":{},"path":"/Users/mortimr/projects/opyn-safe-saviour/contracts/interfaces/SAFESaviourRegistryLike.sol","s":{},"b":{},"f":{},"fnMap":{},"statementMap":{},"branchMap":{}},"contracts/interfaces/UniswapV2Router02Like.sol":{"l":{},"path":"/Users/mortimr/projects/opyn-safe-saviour/contracts/interfaces/UniswapV2Router02Like.sol","s":{},"b":{},"f":{},"fnMap":{},"statementMap":{},"branchMap":{}},"contracts/math/Math.sol":{"l":{"12":0,"19":0,"28":0},"path":"/Users/mortimr/projects/opyn-safe-saviour/contracts/math/Math.sol","s":{"1":0,"2":0,"3":0},"b":{},"f":{"1":0,"2":0,"3":0},"fnMap":{"1":{"name":"max","line":11,"loc":{"start":{"line":11,"column":4},"end":{"line":13,"column":4}}},"2":{"name":"min","line":18,"loc":{"start":{"line":18,"column":4},"end":{"line":20,"column":4}}},"3":{"name":"average","line":26,"loc":{"start":{"line":26,"column":4},"end":{"line":29,"column":4}}}},"statementMap":{"1":{"start":{"line":12,"column":8},"end":{"line":12,"column":29}},"2":{"start":{"line":19,"column":8},"end":{"line":19,"column":28}},"3":{"start":{"line":28,"column":8},"end":{"line":28,"column":60}}},"branchMap":{}},"contracts/math/SafeMath.sol":{"l":{"29":34,"30":34,"32":34,"46":19,"64":19,"65":19,"67":19,"84":65,"85":0,"88":65,"89":65,"91":65,"107":10,"127":10,"128":10,"131":10,"147":0,"167":0,"168":0},"path":"/Users/mortimr/projects/opyn-safe-saviour/contracts/math/SafeMath.sol","s":{"1":34,"2":34,"3":34,"4":19,"5":19,"6":19,"7":19,"8":65,"9":0,"10":65,"11":65,"12":65,"13":10,"14":10,"15":10,"16":10,"17":0,"18":0,"19":0},"b":{"1":[34,0],"2":[19,0],"3":[0,65],"4":[65,0],"5":[10,0],"6":[0,0]},"f":{"1":34,"2":19,"3":19,"4":65,"5":10,"6":10,"7":0,"8":0},"fnMap":{"1":{"name":"add","line":28,"loc":{"start":{"line":28,"column":4},"end":{"line":33,"column":4}}},"2":{"name":"sub","line":45,"loc":{"start":{"line":45,"column":4},"end":{"line":47,"column":4}}},"3":{"name":"sub","line":59,"loc":{"start":{"line":59,"column":4},"end":{"line":68,"column":4}}},"4":{"name":"mul","line":80,"loc":{"start":{"line":80,"column":4},"end":{"line":92,"column":4}}},"5":{"name":"div","line":106,"loc":{"start":{"line":106,"column":4},"end":{"line":108,"column":4}}},"6":{"name":"div","line":122,"loc":{"start":{"line":122,"column":4},"end":{"line":132,"column":4}}},"7":{"name":"mod","line":146,"loc":{"start":{"line":146,"column":4},"end":{"line":148,"column":4}}},"8":{"name":"mod","line":162,"loc":{"start":{"line":162,"column":4},"end":{"line":169,"column":4}}}},"statementMap":{"1":{"start":{"line":29,"column":8},"end":{"line":29,"column":25}},"2":{"start":{"line":30,"column":8},"end":{"line":30,"column":53}},"3":{"start":{"line":32,"column":8},"end":{"line":32,"column":16}},"4":{"start":{"line":46,"column":8},"end":{"line":46,"column":58}},"5":{"start":{"line":64,"column":8},"end":{"line":64,"column":36}},"6":{"start":{"line":65,"column":8},"end":{"line":65,"column":25}},"7":{"start":{"line":67,"column":8},"end":{"line":67,"column":16}},"8":{"start":{"line":84,"column":8},"end":{"line":84,"column":2523}},"9":{"start":{"line":85,"column":12},"end":{"line":85,"column":20}},"10":{"start":{"line":88,"column":8},"end":{"line":88,"column":25}},"11":{"start":{"line":89,"column":8},"end":{"line":89,"column":63}},"12":{"start":{"line":91,"column":8},"end":{"line":91,"column":16}},"13":{"start":{"line":107,"column":8},"end":{"line":107,"column":54}},"14":{"start":{"line":127,"column":8},"end":{"line":127,"column":35}},"15":{"start":{"line":128,"column":8},"end":{"line":128,"column":25}},"16":{"start":{"line":131,"column":8},"end":{"line":131,"column":16}},"17":{"start":{"line":147,"column":8},"end":{"line":147,"column":52}},"18":{"start":{"line":167,"column":8},"end":{"line":167,"column":36}},"19":{"start":{"line":168,"column":8},"end":{"line":168,"column":20}}},"branchMap":{"1":{"line":30,"type":"if","locations":[{"start":{"line":30,"column":8},"end":{"line":30,"column":8}},{"start":{"line":30,"column":8},"end":{"line":30,"column":8}}]},"2":{"line":64,"type":"if","locations":[{"start":{"line":64,"column":8},"end":{"line":64,"column":8}},{"start":{"line":64,"column":8},"end":{"line":64,"column":8}}]},"3":{"line":84,"type":"if","locations":[{"start":{"line":84,"column":8},"end":{"line":84,"column":8}},{"start":{"line":84,"column":8},"end":{"line":84,"column":8}}]},"4":{"line":89,"type":"if","locations":[{"start":{"line":89,"column":8},"end":{"line":89,"column":8}},{"start":{"line":89,"column":8},"end":{"line":89,"column":8}}]},"5":{"line":127,"type":"if","locations":[{"start":{"line":127,"column":8},"end":{"line":127,"column":8}},{"start":{"line":127,"column":8},"end":{"line":127,"column":8}}]},"6":{"line":167,"type":"if","locations":[{"start":{"line":167,"column":8},"end":{"line":167,"column":8}},{"start":{"line":167,"column":8},"end":{"line":167,"column":8}}]}}},"contracts/saviours/OpynSafeSaviour.sol":{"l":{"38":24,"39":23,"43":33,"44":33,"52":31,"71":161,"72":160,"73":159,"74":158,"75":157,"76":156,"77":155,"78":154,"79":153,"80":152,"82":151,"83":151,"84":151,"86":151,"87":151,"88":151,"89":151,"90":151,"91":151,"92":151,"93":151,"95":151,"97":151,"99":151,"100":150,"108":149,"109":148,"111":147,"126":22,"128":21,"131":20,"132":20,"135":20,"141":19,"143":19,"146":18,"151":18,"154":18,"155":15,"158":18,"168":4,"171":3,"172":3,"175":2,"176":2,"179":2,"180":1,"183":2,"197":5,"199":5,"201":5,"202":4,"203":3,"205":2,"207":2,"233":10,"234":9,"236":8,"237":1,"240":7,"241":6,"244":5,"247":4,"249":4,"253":4,"255":4,"259":3,"262":2,"264":2,"271":2,"273":1,"275":1,"277":1,"284":1,"285":1,"289":1,"294":1,"297":1,"298":1,"301":1,"302":1,"312":1,"315":1,"317":1,"327":13,"328":13,"331":13,"332":2,"335":11,"342":3,"343":3,"346":3,"347":2,"350":1,"359":6,"361":6,"362":1,"366":5,"367":1,"371":4,"372":1,"376":3,"378":3,"379":1,"382":2,"390":2,"399":14,"401":14,"402":14,"405":14,"406":2,"407":2,"411":12,"415":12,"419":12,"422":12,"423":2,"426":10},"path":"/Users/mortimr/projects/opyn-safe-saviour/contracts/saviours/OpynSafeSaviour.sol","s":{"1":24,"2":33,"3":33,"4":161,"5":160,"6":159,"7":158,"8":157,"9":156,"10":155,"11":154,"12":153,"13":152,"14":151,"15":151,"16":151,"17":151,"18":151,"19":151,"20":151,"21":151,"22":151,"23":151,"24":151,"25":151,"26":151,"27":151,"28":150,"29":149,"30":148,"31":147,"32":22,"33":21,"34":20,"35":20,"36":20,"37":19,"38":19,"39":18,"40":18,"41":18,"42":15,"43":18,"44":4,"45":3,"46":3,"47":2,"48":2,"49":2,"50":1,"51":2,"52":5,"53":5,"54":5,"55":4,"56":3,"57":2,"58":2,"59":10,"60":9,"61":8,"62":1,"63":7,"64":6,"65":5,"66":4,"67":4,"68":4,"69":3,"70":2,"71":2,"72":2,"73":1,"74":1,"75":1,"76":1,"77":1,"78":1,"79":1,"80":1,"81":1,"82":1,"83":1,"84":1,"85":1,"86":1,"87":13,"88":13,"89":13,"90":2,"91":11,"92":3,"93":3,"94":3,"95":2,"96":1,"97":6,"98":6,"99":1,"100":5,"101":1,"102":4,"103":1,"104":3,"105":3,"106":1,"107":2,"108":2,"109":14,"110":14,"111":14,"112":14,"113":2,"114":2,"115":12,"116":12,"117":12,"118":12,"119":2,"120":10},"b":{"1":[23,1],"2":[33,0],"3":[31,2],"4":[160,1],"5":[159,1],"6":[158,1],"7":[157,1],"8":[156,1],"9":[155,1],"10":[154,1],"11":[153,1],"12":[152,1],"13":[151,1],"14":[151,0],"15":[150,1],"16":[149,1],"17":[148,1],"18":[147,1],"19":[21,1],"20":[20,1],"21":[20,0],"22":[19,1],"23":[18,1],"24":[18,0],"25":[15,3],"26":[3,1],"27":[2,1],"28":[1,1],"29":[4,1],"30":[3,1],"31":[2,1],"32":[9,1],"33":[8,1],"34":[1,7],"35":[6,1],"36":[5,1],"37":[4,1],"38":[3,1],"39":[2,1],"40":[1,1],"41":[1,0],"42":[2,11],"43":[2,1],"44":[1,5],"45":[1,4],"46":[1,3],"47":[1,2],"48":[2,12],"49":[2,10]},"f":{"1":24,"2":33,"3":161,"4":22,"5":4,"6":5,"7":10,"8":13,"9":3,"10":6,"11":14},"fnMap":{"1":{"name":"liquidationEngineApproved","line":37,"loc":{"start":{"line":37,"column":4},"end":{"line":40,"column":4}}},"2":{"name":"controlsSAFE","line":42,"loc":{"start":{"line":42,"column":4},"end":{"line":53,"column":4}}},"3":{"name":"constructor","line":59,"loc":{"start":{"line":59,"column":4},"end":{"line":112,"column":4}}},"4":{"name":"deposit","line":125,"loc":{"start":{"line":121,"column":4},"end":{"line":159,"column":4}}},"5":{"name":"withdraw","line":167,"loc":{"start":{"line":167,"column":4},"end":{"line":184,"column":4}}},"6":{"name":"setDesiredCollateralizationRatio","line":195,"loc":{"start":{"line":193,"column":4},"end":{"line":208,"column":4}}},"7":{"name":"saveSAFE","line":220,"loc":{"start":{"line":220,"column":4},"end":{"line":318,"column":4}}},"8":{"name":"keeperPayoutExceedsMinValue","line":326,"loc":{"start":{"line":326,"column":4},"end":{"line":336,"column":4}}},"9":{"name":"getKeeperPayoutValue","line":341,"loc":{"start":{"line":341,"column":4},"end":{"line":351,"column":4}}},"10":{"name":"canSave","line":358,"loc":{"start":{"line":358,"column":4},"end":{"line":391,"column":4}}},"11":{"name":"tokenAmountUsedToSave","line":398,"loc":{"start":{"line":398,"column":4},"end":{"line":428,"column":4}}}},"statementMap":{"1":{"start":{"line":38,"column":8},"end":{"line":38,"column":110}},"2":{"start":{"line":43,"column":8},"end":{"line":43,"column":61}},"3":{"start":{"line":44,"column":8},"end":{"line":44,"column":1949}},"4":{"start":{"line":71,"column":8},"end":{"line":71,"column":85}},"5":{"start":{"line":72,"column":8},"end":{"line":72,"column":91}},"6":{"start":{"line":73,"column":8},"end":{"line":73,"column":83}},"7":{"start":{"line":74,"column":8},"end":{"line":74,"column":79}},"8":{"start":{"line":75,"column":8},"end":{"line":75,"column":87}},"9":{"start":{"line":76,"column":8},"end":{"line":76,"column":105}},"10":{"start":{"line":77,"column":8},"end":{"line":77,"column":74}},"11":{"start":{"line":78,"column":8},"end":{"line":78,"column":85}},"12":{"start":{"line":79,"column":8},"end":{"line":79,"column":84}},"13":{"start":{"line":80,"column":8},"end":{"line":80,"column":96}},"14":{"start":{"line":82,"column":8},"end":{"line":82,"column":35}},"15":{"start":{"line":83,"column":8},"end":{"line":83,"column":43}},"16":{"start":{"line":84,"column":8},"end":{"line":84,"column":51}},"17":{"start":{"line":86,"column":8},"end":{"line":86,"column":68}},"18":{"start":{"line":87,"column":8},"end":{"line":87,"column":59}},"19":{"start":{"line":88,"column":8},"end":{"line":88,"column":56}},"20":{"start":{"line":89,"column":8},"end":{"line":89,"column":63}},"21":{"start":{"line":90,"column":8},"end":{"line":90,"column":53}},"22":{"start":{"line":91,"column":8},"end":{"line":91,"column":66}},"23":{"start":{"line":92,"column":8},"end":{"line":92,"column":63}},"24":{"start":{"line":93,"column":8},"end":{"line":93,"column":82}},"25":{"start":{"line":95,"column":8},"end":{"line":95,"column":85}},"26":{"start":{"line":97,"column":8},"end":{"line":97,"column":4580}},"27":{"start":{"line":99,"column":8},"end":{"line":99,"column":86}},"28":{"start":{"line":100,"column":8},"end":{"line":100,"column":4720}},"29":{"start":{"line":108,"column":8},"end":{"line":108,"column":88}},"30":{"start":{"line":109,"column":8},"end":{"line":109,"column":86}},"31":{"start":{"line":111,"column":8},"end":{"line":111,"column":83}},"32":{"start":{"line":126,"column":8},"end":{"line":126,"column":71}},"33":{"start":{"line":128,"column":8},"end":{"line":128,"column":112}},"34":{"start":{"line":131,"column":8},"end":{"line":131,"column":56}},"35":{"start":{"line":132,"column":8},"end":{"line":132,"column":73}},"36":{"start":{"line":135,"column":8},"end":{"line":135,"column":6463}},"37":{"start":{"line":141,"column":8},"end":{"line":141,"column":6798}},"38":{"start":{"line":143,"column":8},"end":{"line":143,"column":71}},"39":{"start":{"line":146,"column":8},"end":{"line":146,"column":6963}},"40":{"start":{"line":151,"column":8},"end":{"line":151,"column":78}},"41":{"start":{"line":154,"column":8},"end":{"line":154,"column":7404}},"42":{"start":{"line":155,"column":12},"end":{"line":155,"column":53}},"43":{"start":{"line":158,"column":8},"end":{"line":158,"column":60}},"44":{"start":{"line":168,"column":8},"end":{"line":168,"column":80}},"45":{"start":{"line":171,"column":8},"end":{"line":171,"column":56}},"46":{"start":{"line":172,"column":8},"end":{"line":172,"column":99}},"47":{"start":{"line":175,"column":8},"end":{"line":175,"column":78}},"48":{"start":{"line":176,"column":8},"end":{"line":176,"column":82}},"49":{"start":{"line":179,"column":8},"end":{"line":179,"column":8654}},"50":{"start":{"line":180,"column":12},"end":{"line":180,"column":52}},"51":{"start":{"line":183,"column":8},"end":{"line":183,"column":70}},"52":{"start":{"line":197,"column":8},"end":{"line":197,"column":9486}},"53":{"start":{"line":199,"column":8},"end":{"line":199,"column":56}},"54":{"start":{"line":201,"column":8},"end":{"line":201,"column":86}},"55":{"start":{"line":202,"column":8},"end":{"line":202,"column":90}},"56":{"start":{"line":203,"column":8},"end":{"line":203,"column":75}},"57":{"start":{"line":205,"column":8},"end":{"line":205,"column":93}},"58":{"start":{"line":207,"column":8},"end":{"line":207,"column":88}},"59":{"start":{"line":233,"column":8},"end":{"line":233,"column":105}},"60":{"start":{"line":234,"column":8},"end":{"line":234,"column":76}},"61":{"start":{"line":236,"column":8},"end":{"line":236,"column":11128}},"62":{"start":{"line":237,"column":12},"end":{"line":237,"column":45}},"63":{"start":{"line":240,"column":8},"end":{"line":240,"column":109}},"64":{"start":{"line":241,"column":8},"end":{"line":241,"column":97}},"65":{"start":{"line":244,"column":8},"end":{"line":244,"column":90}},"66":{"start":{"line":247,"column":8},"end":{"line":247,"column":69}},"67":{"start":{"line":253,"column":12},"end":{"line":253,"column":12125}},"68":{"start":{"line":255,"column":12},"end":{"line":255,"column":108}},"69":{"start":{"line":259,"column":8},"end":{"line":259,"column":118}},"70":{"start":{"line":262,"column":8},"end":{"line":262,"column":72}},"71":{"start":{"line":264,"column":8},"end":{"line":264,"column":12751}},"72":{"start":{"line":271,"column":8},"end":{"line":271,"column":102}},"73":{"start":{"line":273,"column":8},"end":{"line":273,"column":106}},"74":{"start":{"line":275,"column":8},"end":{"line":275,"column":72}},"75":{"start":{"line":277,"column":8},"end":{"line":277,"column":13274}},"76":{"start":{"line":284,"column":8},"end":{"line":284,"column":103}},"77":{"start":{"line":285,"column":8},"end":{"line":285,"column":82}},"78":{"start":{"line":289,"column":8},"end":{"line":289,"column":13876}},"79":{"start":{"line":294,"column":8},"end":{"line":294,"column":62}},"80":{"start":{"line":297,"column":8},"end":{"line":297,"column":58}},"81":{"start":{"line":298,"column":8},"end":{"line":298,"column":72}},"82":{"start":{"line":301,"column":8},"end":{"line":301,"column":58}},"83":{"start":{"line":302,"column":8},"end":{"line":302,"column":14439}},"84":{"start":{"line":312,"column":8},"end":{"line":312,"column":88}},"85":{"start":{"line":315,"column":8},"end":{"line":315,"column":78}},"86":{"start":{"line":317,"column":8},"end":{"line":317,"column":52}},"87":{"start":{"line":327,"column":8},"end":{"line":327,"column":93}},"88":{"start":{"line":328,"column":8},"end":{"line":328,"column":15672}},"89":{"start":{"line":331,"column":8},"end":{"line":331,"column":15738}},"90":{"start":{"line":332,"column":12},"end":{"line":332,"column":24}},"91":{"start":{"line":335,"column":8},"end":{"line":335,"column":80}},"92":{"start":{"line":342,"column":8},"end":{"line":342,"column":93}},"93":{"start":{"line":343,"column":8},"end":{"line":343,"column":16249}},"94":{"start":{"line":346,"column":8},"end":{"line":346,"column":16315}},"95":{"start":{"line":347,"column":12},"end":{"line":347,"column":20}},"96":{"start":{"line":350,"column":8},"end":{"line":350,"column":54}},"97":{"start":{"line":359,"column":8},"end":{"line":359,"column":69}},"98":{"start":{"line":361,"column":8},"end":{"line":361,"column":16897}},"99":{"start":{"line":362,"column":12},"end":{"line":362,"column":24}},"100":{"start":{"line":366,"column":8},"end":{"line":366,"column":17025}},"101":{"start":{"line":367,"column":12},"end":{"line":367,"column":24}},"102":{"start":{"line":371,"column":8},"end":{"line":371,"column":17181}},"103":{"start":{"line":372,"column":12},"end":{"line":372,"column":24}},"104":{"start":{"line":376,"column":8},"end":{"line":376,"column":17419}},"105":{"start":{"line":378,"column":8},"end":{"line":378,"column":17472}},"106":{"start":{"line":379,"column":12},"end":{"line":379,"column":24}},"107":{"start":{"line":382,"column":8},"end":{"line":382,"column":17588}},"108":{"start":{"line":390,"column":8},"end":{"line":390,"column":61}},"109":{"start":{"line":399,"column":8},"end":{"line":399,"column":18529}},"110":{"start":{"line":401,"column":8},"end":{"line":401,"column":93}},"111":{"start":{"line":402,"column":8},"end":{"line":402,"column":100}},"112":{"start":{"line":405,"column":8},"end":{"line":405,"column":18879}},"113":{"start":{"line":406,"column":12},"end":{"line":406,"column":37}},"114":{"start":{"line":407,"column":12},"end":{"line":407,"column":34}},"115":{"start":{"line":411,"column":8},"end":{"line":411,"column":19276}},"116":{"start":{"line":415,"column":8},"end":{"line":415,"column":19564}},"117":{"start":{"line":419,"column":8},"end":{"line":419,"column":92}},"118":{"start":{"line":422,"column":8},"end":{"line":422,"column":19916}},"119":{"start":{"line":423,"column":12},"end":{"line":423,"column":20}},"120":{"start":{"line":426,"column":12},"end":{"line":426,"column":77}}},"branchMap":{"1":{"line":38,"type":"if","locations":[{"start":{"line":38,"column":8},"end":{"line":38,"column":8}},{"start":{"line":38,"column":8},"end":{"line":38,"column":8}}]},"2":{"line":43,"type":"if","locations":[{"start":{"line":43,"column":8},"end":{"line":43,"column":8}},{"start":{"line":43,"column":8},"end":{"line":43,"column":8}}]},"3":{"line":44,"type":"if","locations":[{"start":{"line":44,"column":8},"end":{"line":44,"column":8}},{"start":{"line":44,"column":8},"end":{"line":44,"column":8}}]},"4":{"line":71,"type":"if","locations":[{"start":{"line":71,"column":8},"end":{"line":71,"column":8}},{"start":{"line":71,"column":8},"end":{"line":71,"column":8}}]},"5":{"line":72,"type":"if","locations":[{"start":{"line":72,"column":8},"end":{"line":72,"column":8}},{"start":{"line":72,"column":8},"end":{"line":72,"column":8}}]},"6":{"line":73,"type":"if","locations":[{"start":{"line":73,"column":8},"end":{"line":73,"column":8}},{"start":{"line":73,"column":8},"end":{"line":73,"column":8}}]},"7":{"line":74,"type":"if","locations":[{"start":{"line":74,"column":8},"end":{"line":74,"column":8}},{"start":{"line":74,"column":8},"end":{"line":74,"column":8}}]},"8":{"line":75,"type":"if","locations":[{"start":{"line":75,"column":8},"end":{"line":75,"column":8}},{"start":{"line":75,"column":8},"end":{"line":75,"column":8}}]},"9":{"line":76,"type":"if","locations":[{"start":{"line":76,"column":8},"end":{"line":76,"column":8}},{"start":{"line":76,"column":8},"end":{"line":76,"column":8}}]},"10":{"line":77,"type":"if","locations":[{"start":{"line":77,"column":8},"end":{"line":77,"column":8}},{"start":{"line":77,"column":8},"end":{"line":77,"column":8}}]},"11":{"line":78,"type":"if","locations":[{"start":{"line":78,"column":8},"end":{"line":78,"column":8}},{"start":{"line":78,"column":8},"end":{"line":78,"column":8}}]},"12":{"line":79,"type":"if","locations":[{"start":{"line":79,"column":8},"end":{"line":79,"column":8}},{"start":{"line":79,"column":8},"end":{"line":79,"column":8}}]},"13":{"line":80,"type":"if","locations":[{"start":{"line":80,"column":8},"end":{"line":80,"column":8}},{"start":{"line":80,"column":8},"end":{"line":80,"column":8}}]},"14":{"line":95,"type":"if","locations":[{"start":{"line":95,"column":8},"end":{"line":95,"column":8}},{"start":{"line":95,"column":8},"end":{"line":95,"column":8}}]},"15":{"line":99,"type":"if","locations":[{"start":{"line":99,"column":8},"end":{"line":99,"column":8}},{"start":{"line":99,"column":8},"end":{"line":99,"column":8}}]},"16":{"line":100,"type":"if","locations":[{"start":{"line":100,"column":8},"end":{"line":100,"column":8}},{"start":{"line":100,"column":8},"end":{"line":100,"column":8}}]},"17":{"line":108,"type":"if","locations":[{"start":{"line":108,"column":8},"end":{"line":108,"column":8}},{"start":{"line":108,"column":8},"end":{"line":108,"column":8}}]},"18":{"line":109,"type":"if","locations":[{"start":{"line":109,"column":8},"end":{"line":109,"column":8}},{"start":{"line":109,"column":8},"end":{"line":109,"column":8}}]},"19":{"line":126,"type":"if","locations":[{"start":{"line":126,"column":8},"end":{"line":126,"column":8}},{"start":{"line":126,"column":8},"end":{"line":126,"column":8}}]},"20":{"line":128,"type":"if","locations":[{"start":{"line":128,"column":8},"end":{"line":128,"column":8}},{"start":{"line":128,"column":8},"end":{"line":128,"column":8}}]},"21":{"line":132,"type":"if","locations":[{"start":{"line":132,"column":8},"end":{"line":132,"column":8}},{"start":{"line":132,"column":8},"end":{"line":132,"column":8}}]},"22":{"line":135,"type":"if","locations":[{"start":{"line":135,"column":8},"end":{"line":135,"column":8}},{"start":{"line":135,"column":8},"end":{"line":135,"column":8}}]},"23":{"line":143,"type":"if","locations":[{"start":{"line":143,"column":8},"end":{"line":143,"column":8}},{"start":{"line":143,"column":8},"end":{"line":143,"column":8}}]},"24":{"line":146,"type":"if","locations":[{"start":{"line":146,"column":8},"end":{"line":146,"column":8}},{"start":{"line":146,"column":8},"end":{"line":146,"column":8}}]},"25":{"line":154,"type":"if","locations":[{"start":{"line":154,"column":8},"end":{"line":154,"column":8}},{"start":{"line":154,"column":8},"end":{"line":154,"column":8}}]},"26":{"line":168,"type":"if","locations":[{"start":{"line":168,"column":8},"end":{"line":168,"column":8}},{"start":{"line":168,"column":8},"end":{"line":168,"column":8}}]},"27":{"line":172,"type":"if","locations":[{"start":{"line":172,"column":8},"end":{"line":172,"column":8}},{"start":{"line":172,"column":8},"end":{"line":172,"column":8}}]},"28":{"line":179,"type":"if","locations":[{"start":{"line":179,"column":8},"end":{"line":179,"column":8}},{"start":{"line":179,"column":8},"end":{"line":179,"column":8}}]},"29":{"line":201,"type":"if","locations":[{"start":{"line":201,"column":8},"end":{"line":201,"column":8}},{"start":{"line":201,"column":8},"end":{"line":201,"column":8}}]},"30":{"line":202,"type":"if","locations":[{"start":{"line":202,"column":8},"end":{"line":202,"column":8}},{"start":{"line":202,"column":8},"end":{"line":202,"column":8}}]},"31":{"line":203,"type":"if","locations":[{"start":{"line":203,"column":8},"end":{"line":203,"column":8}},{"start":{"line":203,"column":8},"end":{"line":203,"column":8}}]},"32":{"line":233,"type":"if","locations":[{"start":{"line":233,"column":8},"end":{"line":233,"column":8}},{"start":{"line":233,"column":8},"end":{"line":233,"column":8}}]},"33":{"line":234,"type":"if","locations":[{"start":{"line":234,"column":8},"end":{"line":234,"column":8}},{"start":{"line":234,"column":8},"end":{"line":234,"column":8}}]},"34":{"line":236,"type":"if","locations":[{"start":{"line":236,"column":8},"end":{"line":236,"column":8}},{"start":{"line":236,"column":8},"end":{"line":236,"column":8}}]},"35":{"line":240,"type":"if","locations":[{"start":{"line":240,"column":8},"end":{"line":240,"column":8}},{"start":{"line":240,"column":8},"end":{"line":240,"column":8}}]},"36":{"line":241,"type":"if","locations":[{"start":{"line":241,"column":8},"end":{"line":241,"column":8}},{"start":{"line":241,"column":8},"end":{"line":241,"column":8}}]},"37":{"line":244,"type":"if","locations":[{"start":{"line":244,"column":8},"end":{"line":244,"column":8}},{"start":{"line":244,"column":8},"end":{"line":244,"column":8}}]},"38":{"line":255,"type":"if","locations":[{"start":{"line":255,"column":12},"end":{"line":255,"column":12}},{"start":{"line":255,"column":12},"end":{"line":255,"column":12}}]},"39":{"line":259,"type":"if","locations":[{"start":{"line":259,"column":8},"end":{"line":259,"column":8}},{"start":{"line":259,"column":8},"end":{"line":259,"column":8}}]},"40":{"line":271,"type":"if","locations":[{"start":{"line":271,"column":8},"end":{"line":271,"column":8}},{"start":{"line":271,"column":8},"end":{"line":271,"column":8}}]},"41":{"line":289,"type":"if","locations":[{"start":{"line":289,"column":8},"end":{"line":289,"column":8}},{"start":{"line":289,"column":8},"end":{"line":289,"column":8}}]},"42":{"line":331,"type":"if","locations":[{"start":{"line":331,"column":8},"end":{"line":331,"column":8}},{"start":{"line":331,"column":8},"end":{"line":331,"column":8}}]},"43":{"line":346,"type":"if","locations":[{"start":{"line":346,"column":8},"end":{"line":346,"column":8}},{"start":{"line":346,"column":8},"end":{"line":346,"column":8}}]},"44":{"line":361,"type":"if","locations":[{"start":{"line":361,"column":8},"end":{"line":361,"column":8}},{"start":{"line":361,"column":8},"end":{"line":361,"column":8}}]},"45":{"line":366,"type":"if","locations":[{"start":{"line":366,"column":8},"end":{"line":366,"column":8}},{"start":{"line":366,"column":8},"end":{"line":366,"column":8}}]},"46":{"line":371,"type":"if","locations":[{"start":{"line":371,"column":8},"end":{"line":371,"column":8}},{"start":{"line":371,"column":8},"end":{"line":371,"column":8}}]},"47":{"line":378,"type":"if","locations":[{"start":{"line":378,"column":8},"end":{"line":378,"column":8}},{"start":{"line":378,"column":8},"end":{"line":378,"column":8}}]},"48":{"line":405,"type":"if","locations":[{"start":{"line":405,"column":8},"end":{"line":405,"column":8}},{"start":{"line":405,"column":8},"end":{"line":405,"column":8}}]},"49":{"line":422,"type":"if","locations":[{"start":{"line":422,"column":8},"end":{"line":422,"column":8}},{"start":{"line":422,"column":8},"end":{"line":422,"column":8}}]}}},"contracts/saviours/OpynSafeSaviourOperator.sol":{"l":{"35":208,"36":207,"37":206,"38":205,"40":204,"41":204,"42":204,"43":204,"47":2,"48":2,"52":4,"56":0,"57":0,"66":4,"68":3,"70":3,"72":3,"75":3,"78":3,"79":3,"80":3,"81":3,"82":3,"83":3,"84":3,"87":3,"89":2,"92":2,"94":2,"98":2,"101":2,"102":2,"103":2,"105":2,"107":2,"116":2,"119":2,"123":23,"131":12,"133":12,"134":12,"135":12,"137":12,"139":12,"141":11,"143":10,"146":10,"147":2,"150":10},"path":"/Users/mortimr/projects/opyn-safe-saviour/contracts/saviours/OpynSafeSaviourOperator.sol","s":{"1":208,"2":207,"3":206,"4":205,"5":204,"6":204,"7":204,"8":204,"9":2,"10":2,"11":4,"12":0,"13":4,"14":3,"15":3,"16":3,"17":3,"18":3,"19":3,"20":3,"21":3,"22":3,"23":3,"24":3,"25":2,"26":2,"27":2,"28":2,"29":2,"30":2,"31":2,"32":2,"33":2,"34":2,"35":23,"36":12,"37":12,"38":12,"39":12,"40":12,"41":12,"42":11,"43":10,"44":10,"45":2,"46":10},"b":{"1":[207,1],"2":[206,1],"3":[205,1],"4":[204,1],"5":[0,0],"6":[10,1],"7":[2,8]},"f":{"1":208,"2":2,"3":4,"4":0,"5":4,"6":23,"7":12},"fnMap":{"1":{"name":"constructor","line":29,"loc":{"start":{"line":29,"column":4},"end":{"line":44,"column":4}}},"2":{"name":"isOTokenPutOption","line":46,"loc":{"start":{"line":46,"column":4},"end":{"line":49,"column":4}}},"3":{"name":"getOpynPayout","line":51,"loc":{"start":{"line":51,"column":4},"end":{"line":53,"column":4}}},"4":{"name":"isSaviourRegistryAuthorized","line":55,"loc":{"start":{"line":55,"column":4},"end":{"line":58,"column":4}}},"5":{"name":"redeemAndSwapOTokens","line":60,"loc":{"start":{"line":60,"column":4},"end":{"line":120,"column":4}}},"6":{"name":"oTokenWhitelist","line":122,"loc":{"start":{"line":122,"column":4},"end":{"line":124,"column":4}}},"7":{"name":"getOTokenAmountToApprove","line":126,"loc":{"start":{"line":126,"column":4},"end":{"line":151,"column":4}}}},"statementMap":{"1":{"start":{"line":35,"column":8},"end":{"line":35,"column":90}},"2":{"start":{"line":36,"column":8},"end":{"line":36,"column":88}},"3":{"start":{"line":37,"column":8},"end":{"line":37,"column":92}},"4":{"start":{"line":38,"column":8},"end":{"line":38,"column":87}},"5":{"start":{"line":40,"column":8},"end":{"line":40,"column":65}},"6":{"start":{"line":41,"column":8},"end":{"line":41,"column":62}},"7":{"start":{"line":42,"column":8},"end":{"line":42,"column":68}},"8":{"start":{"line":43,"column":8},"end":{"line":43,"column":66}},"9":{"start":{"line":47,"column":8},"end":{"line":47,"column":77}},"10":{"start":{"line":48,"column":8},"end":{"line":48,"column":20}},"11":{"start":{"line":52,"column":8},"end":{"line":52,"column":59}},"12":{"start":{"line":56,"column":8},"end":{"line":56,"column":109}},"13":{"start":{"line":66,"column":8},"end":{"line":66,"column":76}},"14":{"start":{"line":68,"column":8},"end":{"line":68,"column":91}},"15":{"start":{"line":70,"column":8},"end":{"line":70,"column":40}},"16":{"start":{"line":75,"column":12},"end":{"line":75,"column":91}},"17":{"start":{"line":78,"column":12},"end":{"line":78,"column":66}},"18":{"start":{"line":79,"column":12},"end":{"line":79,"column":57}},"19":{"start":{"line":80,"column":12},"end":{"line":80,"column":45}},"20":{"start":{"line":81,"column":12},"end":{"line":81,"column":56}},"21":{"start":{"line":82,"column":12},"end":{"line":82,"column":42}},"22":{"start":{"line":83,"column":12},"end":{"line":83,"column":38}},"23":{"start":{"line":84,"column":12},"end":{"line":84,"column":45}},"24":{"start":{"line":87,"column":12},"end":{"line":87,"column":49}},"25":{"start":{"line":89,"column":12},"end":{"line":89,"column":113}},"26":{"start":{"line":92,"column":8},"end":{"line":92,"column":37}},"27":{"start":{"line":98,"column":12},"end":{"line":98,"column":95}},"28":{"start":{"line":101,"column":12},"end":{"line":101,"column":52}},"29":{"start":{"line":102,"column":12},"end":{"line":102,"column":37}},"30":{"start":{"line":103,"column":12},"end":{"line":103,"column":36}},"31":{"start":{"line":105,"column":12},"end":{"line":105,"column":100}},"32":{"start":{"line":107,"column":12},"end":{"line":107,"column":4068}},"33":{"start":{"line":116,"column":12},"end":{"line":116,"column":114}},"34":{"start":{"line":119,"column":8},"end":{"line":119,"column":77}},"35":{"start":{"line":123,"column":8},"end":{"line":123,"column":59}},"36":{"start":{"line":131,"column":8},"end":{"line":131,"column":98}},"37":{"start":{"line":133,"column":8},"end":{"line":133,"column":48}},"38":{"start":{"line":134,"column":8},"end":{"line":134,"column":40}},"39":{"start":{"line":135,"column":8},"end":{"line":135,"column":39}},"40":{"start":{"line":137,"column":8},"end":{"line":137,"column":111}},"41":{"start":{"line":139,"column":8},"end":{"line":139,"column":71}},"42":{"start":{"line":141,"column":8},"end":{"line":141,"column":77}},"43":{"start":{"line":143,"column":8},"end":{"line":143,"column":85}},"44":{"start":{"line":146,"column":8},"end":{"line":146,"column":5611}},"45":{"start":{"line":147,"column":12},"end":{"line":147,"column":31}},"46":{"start":{"line":150,"column":8},"end":{"line":150,"column":30}}},"branchMap":{"1":{"line":35,"type":"if","locations":[{"start":{"line":35,"column":8},"end":{"line":35,"column":8}},{"start":{"line":35,"column":8},"end":{"line":35,"column":8}}]},"2":{"line":36,"type":"if","locations":[{"start":{"line":36,"column":8},"end":{"line":36,"column":8}},{"start":{"line":36,"column":8},"end":{"line":36,"column":8}}]},"3":{"line":37,"type":"if","locations":[{"start":{"line":37,"column":8},"end":{"line":37,"column":8}},{"start":{"line":37,"column":8},"end":{"line":37,"column":8}}]},"4":{"line":38,"type":"if","locations":[{"start":{"line":38,"column":8},"end":{"line":38,"column":8}},{"start":{"line":38,"column":8},"end":{"line":38,"column":8}}]},"5":{"line":56,"type":"if","locations":[{"start":{"line":56,"column":8},"end":{"line":56,"column":8}},{"start":{"line":56,"column":8},"end":{"line":56,"column":8}}]},"6":{"line":141,"type":"if","locations":[{"start":{"line":141,"column":8},"end":{"line":141,"column":8}},{"start":{"line":141,"column":8},"end":{"line":141,"column":8}}]},"7":{"line":146,"type":"if","locations":[{"start":{"line":146,"column":8},"end":{"line":146,"column":8}},{"start":{"line":146,"column":8},"end":{"line":146,"column":8}}]}}},"contracts/test-utils/Asserter.sol":{"l":{"12":6,"20":4},"path":"/Users/mortimr/projects/opyn-safe-saviour/contracts/test-utils/Asserter.sol","s":{"1":6,"2":4},"b":{"1":[6,0],"2":[4,0]},"f":{"1":6,"2":4},"fnMap":{"1":{"name":"testCanSave","line":7,"loc":{"start":{"line":7,"column":4},"end":{"line":13,"column":4}}},"2":{"name":"testTokenAmountUsedToSave","line":15,"loc":{"start":{"line":15,"column":4},"end":{"line":24,"column":4}}}},"statementMap":{"1":{"start":{"line":12,"column":8},"end":{"line":12,"column":109}},"2":{"start":{"line":20,"column":8},"end":{"line":20,"column":528}}},"branchMap":{"1":{"line":12,"type":"if","locations":[{"start":{"line":12,"column":8},"end":{"line":12,"column":8}},{"start":{"line":12,"column":8},"end":{"line":12,"column":8}}]},"2":{"line":20,"type":"if","locations":[{"start":{"line":20,"column":8},"end":{"line":20,"column":8}},{"start":{"line":20,"column":8},"end":{"line":20,"column":8}}]}}},"contracts/test-utils/CollateralJoinMock.sol":{"l":{"20":159,"21":159,"22":159,"23":159,"24":159,"28":191,"32":249,"36":151,"40":149,"44":148},"path":"/Users/mortimr/projects/opyn-safe-saviour/contracts/test-utils/CollateralJoinMock.sol","s":{"1":159,"2":159,"3":159,"4":159,"5":159,"6":191,"7":249,"8":151,"9":149,"10":148},"b":{},"f":{"1":159,"2":191,"3":249,"4":151,"5":149,"6":148,"7":1},"fnMap":{"1":{"name":"constructor","line":13,"loc":{"start":{"line":13,"column":4},"end":{"line":25,"column":4}}},"2":{"name":"safeEngine","line":27,"loc":{"start":{"line":27,"column":4},"end":{"line":29,"column":4}}},"3":{"name":"collateralType","line":31,"loc":{"start":{"line":31,"column":4},"end":{"line":33,"column":4}}},"4":{"name":"collateral","line":35,"loc":{"start":{"line":35,"column":4},"end":{"line":37,"column":4}}},"5":{"name":"decimals","line":39,"loc":{"start":{"line":39,"column":4},"end":{"line":41,"column":4}}},"6":{"name":"contractEnabled","line":43,"loc":{"start":{"line":43,"column":4},"end":{"line":45,"column":4}}},"7":{"name":"join","line":47,"loc":{"start":{"line":47,"column":4},"end":{"line":49,"column":4}}}},"statementMap":{"1":{"start":{"line":20,"column":8},"end":{"line":20,"column":33}},"2":{"start":{"line":21,"column":8},"end":{"line":21,"column":41}},"3":{"start":{"line":22,"column":8},"end":{"line":22,"column":33}},"4":{"start":{"line":23,"column":8},"end":{"line":23,"column":29}},"5":{"start":{"line":24,"column":8},"end":{"line":24,"column":43}},"6":{"start":{"line":28,"column":8},"end":{"line":28,"column":26}},"7":{"start":{"line":32,"column":8},"end":{"line":32,"column":30}},"8":{"start":{"line":36,"column":8},"end":{"line":36,"column":26}},"9":{"start":{"line":40,"column":8},"end":{"line":40,"column":24}},"10":{"start":{"line":44,"column":8},"end":{"line":44,"column":31}}},"branchMap":{}},"contracts/test-utils/ERC20Mock.sol":{"l":{"10":31,"14":0},"path":"/Users/mortimr/projects/opyn-safe-saviour/contracts/test-utils/ERC20Mock.sol","s":{"1":31,"2":0},"b":{},"f":{"1":291,"2":31,"3":0},"fnMap":{"1":{"name":"constructor","line":7,"loc":{"start":{"line":7,"column":4},"end":{"line":7,"column":83}}},"2":{"name":"mint","line":9,"loc":{"start":{"line":9,"column":4},"end":{"line":11,"column":4}}},"3":{"name":"burn","line":13,"loc":{"start":{"line":13,"column":4},"end":{"line":15,"column":4}}}},"statementMap":{"1":{"start":{"line":10,"column":8},"end":{"line":10,"column":27}},"2":{"start":{"line":14,"column":8},"end":{"line":14,"column":27}}},"branchMap":{}},"contracts/test-utils/LiquidationEngineMock.sol":{"l":{"11":25,"15":24,"31":8,"35":1,"37":1,"38":1,"39":1},"path":"/Users/mortimr/projects/opyn-safe-saviour/contracts/test-utils/LiquidationEngineMock.sol","s":{"1":25,"2":24,"3":8,"4":1,"5":1,"6":1,"7":1},"b":{"1":[1,0],"2":[1,0],"3":[1,0]},"f":{"1":25,"2":24,"3":8,"4":1},"fnMap":{"1":{"name":"toggleSafeSaviour","line":10,"loc":{"start":{"line":10,"column":4},"end":{"line":12,"column":4}}},"2":{"name":"safeSaviours","line":14,"loc":{"start":{"line":14,"column":4},"end":{"line":16,"column":4}}},"3":{"name":"fakeLiquidateSAFE","line":18,"loc":{"start":{"line":18,"column":4},"end":{"line":32,"column":4}}},"4":{"name":"fakeInitCall","line":34,"loc":{"start":{"line":34,"column":4},"end":{"line":40,"column":4}}}},"statementMap":{"1":{"start":{"line":11,"column":8},"end":{"line":11,"column":64}},"2":{"start":{"line":15,"column":8},"end":{"line":15,"column":34}},"3":{"start":{"line":31,"column":8},"end":{"line":31,"column":78}},"4":{"start":{"line":35,"column":8},"end":{"line":35,"column":1001}},"5":{"start":{"line":37,"column":8},"end":{"line":37,"column":48}},"6":{"start":{"line":38,"column":8},"end":{"line":38,"column":74}},"7":{"start":{"line":39,"column":8},"end":{"line":39,"column":68}}},"branchMap":{"1":{"line":37,"type":"if","locations":[{"start":{"line":37,"column":8},"end":{"line":37,"column":8}},{"start":{"line":37,"column":8},"end":{"line":37,"column":8}}]},"2":{"line":38,"type":"if","locations":[{"start":{"line":38,"column":8},"end":{"line":38,"column":8}},{"start":{"line":38,"column":8},"end":{"line":38,"column":8}}]},"3":{"line":39,"type":"if","locations":[{"start":{"line":39,"column":8},"end":{"line":39,"column":8}},{"start":{"line":39,"column":8},"end":{"line":39,"column":8}}]}}},"contracts/test-utils/OpynV2ControllerMock.sol":{"l":{"18":204,"22":18,"23":18,"27":16,"28":15,"36":17,"37":17,"41":18,"46":3,"50":3,"51":2,"53":2,"55":2,"57":2,"61":2,"63":2,"65":2,"67":2,"71":15,"72":15},"path":"/Users/mortimr/projects/opyn-safe-saviour/contracts/test-utils/OpynV2ControllerMock.sol","s":{"1":204,"2":18,"3":16,"4":17,"5":17,"6":18,"7":3,"8":3,"9":2,"10":2,"11":2,"12":2,"13":2,"14":2,"15":2,"16":2,"17":15,"18":15},"b":{"1":[18,0],"2":[15,1],"3":[3,0],"4":[2,1],"5":[2,0],"6":[2,0]},"f":{"1":204,"2":18,"3":16,"4":17,"5":18,"6":3,"7":15},"fnMap":{"1":{"name":"constructor","line":17,"loc":{"start":{"line":17,"column":4},"end":{"line":19,"column":4}}},"2":{"name":"ownerOnly","line":21,"loc":{"start":{"line":21,"column":4},"end":{"line":24,"column":4}}},"3":{"name":"isRedeemable","line":26,"loc":{"start":{"line":26,"column":4},"end":{"line":29,"column":4}}},"4":{"name":"fundOtoken","line":31,"loc":{"start":{"line":31,"column":4},"end":{"line":38,"column":4}}},"5":{"name":"toggleRedeemable","line":40,"loc":{"start":{"line":40,"column":4},"end":{"line":42,"column":4}}},"6":{"name":"operate","line":44,"loc":{"start":{"line":44,"column":4},"end":{"line":68,"column":4}}},"7":{"name":"getPayout","line":70,"loc":{"start":{"line":70,"column":4},"end":{"line":73,"column":4}}}},"statementMap":{"1":{"start":{"line":18,"column":8},"end":{"line":18,"column":25}},"2":{"start":{"line":22,"column":8},"end":{"line":22,"column":48}},"3":{"start":{"line":27,"column":8},"end":{"line":27,"column":58}},"4":{"start":{"line":36,"column":8},"end":{"line":36,"column":87}},"5":{"start":{"line":37,"column":8},"end":{"line":37,"column":90}},"6":{"start":{"line":41,"column":8},"end":{"line":41,"column":58}},"7":{"start":{"line":46,"column":8},"end":{"line":46,"column":1391}},"8":{"start":{"line":50,"column":8},"end":{"line":50,"column":68}},"9":{"start":{"line":51,"column":8},"end":{"line":51,"column":69}},"10":{"start":{"line":53,"column":8},"end":{"line":53,"column":71}},"11":{"start":{"line":55,"column":8},"end":{"line":55,"column":111}},"12":{"start":{"line":57,"column":8},"end":{"line":57,"column":1933}},"13":{"start":{"line":61,"column":8},"end":{"line":61,"column":99}},"14":{"start":{"line":63,"column":8},"end":{"line":63,"column":109}},"15":{"start":{"line":65,"column":8},"end":{"line":65,"column":87}},"16":{"start":{"line":67,"column":8},"end":{"line":67,"column":77}},"17":{"start":{"line":71,"column":8},"end":{"line":71,"column":90}},"18":{"start":{"line":72,"column":8},"end":{"line":72,"column":104}}},"branchMap":{"1":{"line":22,"type":"if","locations":[{"start":{"line":22,"column":8},"end":{"line":22,"column":8}},{"start":{"line":22,"column":8},"end":{"line":22,"column":8}}]},"2":{"line":27,"type":"if","locations":[{"start":{"line":27,"column":8},"end":{"line":27,"column":8}},{"start":{"line":27,"column":8},"end":{"line":27,"column":8}}]},"3":{"line":46,"type":"if","locations":[{"start":{"line":46,"column":8},"end":{"line":46,"column":8}},{"start":{"line":46,"column":8},"end":{"line":46,"column":8}}]},"4":{"line":50,"type":"if","locations":[{"start":{"line":50,"column":8},"end":{"line":50,"column":8}},{"start":{"line":50,"column":8},"end":{"line":50,"column":8}}]},"5":{"line":55,"type":"if","locations":[{"start":{"line":55,"column":8},"end":{"line":55,"column":8}},{"start":{"line":55,"column":8},"end":{"line":55,"column":8}}]},"6":{"line":61,"type":"if","locations":[{"start":{"line":61,"column":8},"end":{"line":61,"column":8}},{"start":{"line":61,"column":8},"end":{"line":61,"column":8}}]}}},"contracts/test-utils/OpynV2OTokenMock.sol":{"l":{"25":102,"26":102,"27":102,"28":102,"29":102,"30":102,"31":102,"35":0,"36":0,"40":31,"44":2,"48":0,"52":0,"56":0,"60":0,"64":0,"68":0,"84":34},"path":"/Users/mortimr/projects/opyn-safe-saviour/contracts/test-utils/OpynV2OTokenMock.sol","s":{"1":102,"2":102,"3":102,"4":102,"5":102,"6":102,"7":102,"8":0,"9":31,"10":2,"11":0,"12":0,"13":0,"14":0,"15":0,"16":0,"17":34},"b":{"1":[0,0]},"f":{"1":102,"2":0,"3":31,"4":2,"5":0,"6":0,"7":0,"8":0,"9":0,"10":0,"11":34},"fnMap":{"1":{"name":"constructor","line":24,"loc":{"start":{"line":17,"column":4},"end":{"line":32,"column":4}}},"2":{"name":"ownerOnly","line":34,"loc":{"start":{"line":34,"column":4},"end":{"line":37,"column":4}}},"3":{"name":"mint","line":39,"loc":{"start":{"line":39,"column":4},"end":{"line":41,"column":4}}},"4":{"name":"burn","line":43,"loc":{"start":{"line":43,"column":4},"end":{"line":45,"column":4}}},"5":{"name":"setCollateralAsset","line":47,"loc":{"start":{"line":47,"column":4},"end":{"line":49,"column":4}}},"6":{"name":"setUnderlyingAsset","line":51,"loc":{"start":{"line":51,"column":4},"end":{"line":53,"column":4}}},"7":{"name":"setStrikeAsset","line":55,"loc":{"start":{"line":55,"column":4},"end":{"line":57,"column":4}}},"8":{"name":"setStrikePrice","line":59,"loc":{"start":{"line":59,"column":4},"end":{"line":61,"column":4}}},"9":{"name":"setExpiryTimestamp","line":63,"loc":{"start":{"line":63,"column":4},"end":{"line":65,"column":4}}},"10":{"name":"setPut","line":67,"loc":{"start":{"line":67,"column":4},"end":{"line":69,"column":4}}},"11":{"name":"getOtokenDetails","line":71,"loc":{"start":{"line":71,"column":4},"end":{"line":85,"column":4}}}},"statementMap":{"1":{"start":{"line":25,"column":8},"end":{"line":25,"column":41}},"2":{"start":{"line":26,"column":8},"end":{"line":26,"column":43}},"3":{"start":{"line":27,"column":8},"end":{"line":27,"column":33}},"4":{"start":{"line":28,"column":8},"end":{"line":28,"column":33}},"5":{"start":{"line":29,"column":8},"end":{"line":29,"column":41}},"6":{"start":{"line":30,"column":8},"end":{"line":30,"column":21}},"7":{"start":{"line":31,"column":8},"end":{"line":31,"column":25}},"8":{"start":{"line":35,"column":8},"end":{"line":35,"column":48}},"9":{"start":{"line":40,"column":8},"end":{"line":40,"column":27}},"10":{"start":{"line":44,"column":8},"end":{"line":44,"column":27}},"11":{"start":{"line":48,"column":8},"end":{"line":48,"column":41}},"12":{"start":{"line":52,"column":8},"end":{"line":52,"column":41}},"13":{"start":{"line":56,"column":8},"end":{"line":56,"column":33}},"14":{"start":{"line":60,"column":8},"end":{"line":60,"column":33}},"15":{"start":{"line":64,"column":8},"end":{"line":64,"column":41}},"16":{"start":{"line":68,"column":8},"end":{"line":68,"column":21}},"17":{"start":{"line":84,"column":8},"end":{"line":84,"column":99}}},"branchMap":{"1":{"line":35,"type":"if","locations":[{"start":{"line":35,"column":8},"end":{"line":35,"column":8}},{"start":{"line":35,"column":8},"end":{"line":35,"column":8}}]}}},"contracts/test-utils/OpynV2WhitelistMock.sol":{"l":{"10":204,"14":24,"15":24,"21":24,"25":23},"path":"/Users/mortimr/projects/opyn-safe-saviour/contracts/test-utils/OpynV2WhitelistMock.sol","s":{"1":204,"2":24,"3":24,"4":23},"b":{"1":[24,0]},"f":{"1":204,"2":24,"3":24,"4":23},"fnMap":{"1":{"name":"constructor","line":9,"loc":{"start":{"line":9,"column":4},"end":{"line":11,"column":4}}},"2":{"name":"ownerOnly","line":13,"loc":{"start":{"line":13,"column":4},"end":{"line":16,"column":4}}},"3":{"name":"toggleWhitelist","line":20,"loc":{"start":{"line":20,"column":4},"end":{"line":22,"column":4}}},"4":{"name":"isWhitelistedOtoken","line":24,"loc":{"start":{"line":24,"column":4},"end":{"line":26,"column":4}}}},"statementMap":{"1":{"start":{"line":10,"column":8},"end":{"line":10,"column":25}},"2":{"start":{"line":14,"column":8},"end":{"line":14,"column":48}},"3":{"start":{"line":21,"column":8},"end":{"line":21,"column":56}},"4":{"start":{"line":25,"column":8},"end":{"line":25,"column":38}}},"branchMap":{"1":{"line":14,"type":"if","locations":[{"start":{"line":14,"column":8},"end":{"line":14,"column":8}},{"start":{"line":14,"column":8},"end":{"line":14,"column":8}}]}}},"contracts/test-utils/OracleRelayerMock.sol":{"l":{"28":53,"45":30,"46":30,"50":156,"54":22,"58":12},"path":"/Users/mortimr/projects/opyn-safe-saviour/contracts/test-utils/OracleRelayerMock.sol","s":{"1":53,"2":30,"3":30,"4":156,"5":22,"6":12},"b":{},"f":{"1":53,"2":30,"3":156,"4":22,"5":12},"fnMap":{"1":{"name":"setCollateralType","line":22,"loc":{"start":{"line":22,"column":4},"end":{"line":33,"column":4}}},"2":{"name":"collateralTypes","line":35,"loc":{"start":{"line":35,"column":4},"end":{"line":47,"column":4}}},"3":{"name":"liquidationCRatio","line":49,"loc":{"start":{"line":49,"column":4},"end":{"line":51,"column":4}}},"4":{"name":"setRedemptionPrice","line":53,"loc":{"start":{"line":53,"column":4},"end":{"line":55,"column":4}}},"5":{"name":"redemptionPrice","line":57,"loc":{"start":{"line":57,"column":4},"end":{"line":59,"column":4}}}},"statementMap":{"1":{"start":{"line":28,"column":8},"end":{"line":28,"column":918}},"2":{"start":{"line":45,"column":8},"end":{"line":45,"column":64}},"3":{"start":{"line":46,"column":8},"end":{"line":46,"column":63}},"4":{"start":{"line":50,"column":8},"end":{"line":50,"column":65}},"5":{"start":{"line":54,"column":8},"end":{"line":54,"column":43}},"6":{"start":{"line":58,"column":8},"end":{"line":58,"column":31}}},"branchMap":{}},"contracts/test-utils/PriceFeedLikeMock.sol":{"l":{"10":0,"14":16,"15":16,"17":0,"24":22,"25":22,"29":30},"path":"/Users/mortimr/projects/opyn-safe-saviour/contracts/test-utils/PriceFeedLikeMock.sol","s":{"1":0,"2":16,"3":16,"4":0,"5":22,"6":22,"7":30},"b":{"1":[16,0]},"f":{"1":0,"2":16,"3":22,"4":30},"fnMap":{"1":{"name":"setPriceSource","line":9,"loc":{"start":{"line":9,"column":4},"end":{"line":11,"column":4}}},"2":{"name":"priceSource","line":13,"loc":{"start":{"line":13,"column":4},"end":{"line":18,"column":4}}},"3":{"name":"setResultWithValidity","line":23,"loc":{"start":{"line":23,"column":4},"end":{"line":26,"column":4}}},"4":{"name":"getResultWithValidity","line":28,"loc":{"start":{"line":28,"column":4},"end":{"line":30,"column":4}}}},"statementMap":{"1":{"start":{"line":10,"column":8},"end":{"line":10,"column":30}},"2":{"start":{"line":14,"column":8},"end":{"line":14,"column":366}},"3":{"start":{"line":15,"column":12},"end":{"line":15,"column":32}},"4":{"start":{"line":17,"column":8},"end":{"line":17,"column":27}},"5":{"start":{"line":24,"column":8},"end":{"line":24,"column":23}},"6":{"start":{"line":25,"column":8},"end":{"line":25,"column":27}},"7":{"start":{"line":29,"column":8},"end":{"line":29,"column":33}}},"branchMap":{"1":{"line":14,"type":"if","locations":[{"start":{"line":14,"column":8},"end":{"line":14,"column":8}},{"start":{"line":14,"column":8},"end":{"line":14,"column":8}}]}}},"contracts/test-utils/SafeEngineMock.sol":{"l":{"36":0,"40":0,"52":0,"75":0,"76":0,"85":31,"97":40,"98":40},"path":"/Users/mortimr/projects/opyn-safe-saviour/contracts/test-utils/SafeEngineMock.sol","s":{"1":0,"2":0,"3":0,"4":0,"5":0,"6":31,"7":40,"8":40},"b":{},"f":{"1":0,"2":0,"3":0,"4":0,"5":31,"6":40,"7":1},"fnMap":{"1":{"name":"safeRights","line":35,"loc":{"start":{"line":35,"column":4},"end":{"line":37,"column":4}}},"2":{"name":"toggleSafeRights","line":39,"loc":{"start":{"line":39,"column":4},"end":{"line":41,"column":4}}},"3":{"name":"setCollateralType","line":43,"loc":{"start":{"line":43,"column":4},"end":{"line":60,"column":4}}},"4":{"name":"collateralTypes","line":62,"loc":{"start":{"line":62,"column":4},"end":{"line":77,"column":4}}},"5":{"name":"setSafe","line":79,"loc":{"start":{"line":79,"column":4},"end":{"line":86,"column":4}}},"6":{"name":"safes","line":88,"loc":{"start":{"line":88,"column":4},"end":{"line":99,"column":4}}},"7":{"name":"modifySAFECollateralization","line":101,"loc":{"start":{"line":101,"column":4},"end":{"line":110,"column":4}}}},"statementMap":{"1":{"start":{"line":36,"column":8},"end":{"line":36,"column":39}},"2":{"start":{"line":40,"column":8},"end":{"line":40,"column":68}},"3":{"start":{"line":52,"column":8},"end":{"line":52,"column":1917}},"4":{"start":{"line":75,"column":8},"end":{"line":75,"column":68}},"5":{"start":{"line":76,"column":8},"end":{"line":76,"column":116}},"6":{"start":{"line":85,"column":8},"end":{"line":85,"column":116}},"7":{"start":{"line":97,"column":8},"end":{"line":97,"column":56}},"8":{"start":{"line":98,"column":8},"end":{"line":98,"column":52}}},"branchMap":{}},"contracts/test-utils/SafeManagerMock.sol":{"l":{"15":27,"16":27,"20":28,"24":66,"34":2,"42":33},"path":"/Users/mortimr/projects/opyn-safe-saviour/contracts/test-utils/SafeManagerMock.sol","s":{"1":27,"2":27,"3":28,"4":66,"5":2,"6":33},"b":{},"f":{"1":27,"2":28,"3":66,"4":2,"5":33},"fnMap":{"1":{"name":"setSafe","line":10,"loc":{"start":{"line":10,"column":4},"end":{"line":17,"column":4}}},"2":{"name":"safes","line":19,"loc":{"start":{"line":19,"column":4},"end":{"line":21,"column":4}}},"3":{"name":"ownsSAFE","line":23,"loc":{"start":{"line":23,"column":4},"end":{"line":25,"column":4}}},"4":{"name":"toggleSafeCan","line":29,"loc":{"start":{"line":29,"column":4},"end":{"line":35,"column":4}}},"5":{"name":"safeCan","line":37,"loc":{"start":{"line":37,"column":4},"end":{"line":43,"column":4}}}},"statementMap":{"1":{"start":{"line":15,"column":8},"end":{"line":15,"column":29}},"2":{"start":{"line":16,"column":8},"end":{"line":16,"column":28}},"3":{"start":{"line":20,"column":8},"end":{"line":20,"column":25}},"4":{"start":{"line":24,"column":8},"end":{"line":24,"column":26}},"5":{"start":{"line":34,"column":8},"end":{"line":34,"column":76}},"6":{"start":{"line":42,"column":8},"end":{"line":42,"column":43}}},"branchMap":{}},"contracts/test-utils/SaviourRegistryMock.sol":{"l":{"12":0},"path":"/Users/mortimr/projects/opyn-safe-saviour/contracts/test-utils/SaviourRegistryMock.sol","s":{"1":0},"b":{},"f":{"1":1,"2":0},"fnMap":{"1":{"name":"markSave","line":7,"loc":{"start":{"line":7,"column":4},"end":{"line":9,"column":4}}},"2":{"name":"authorizeAccount","line":11,"loc":{"start":{"line":11,"column":4},"end":{"line":13,"column":4}}}},"statementMap":{"1":{"start":{"line":12,"column":8},"end":{"line":12,"column":47}}},"branchMap":{}},"contracts/test-utils/UniswapV2Router02Mock.sol":{"l":{"14":12,"16":12,"17":24,"20":12,"30":2,"32":2,"33":4,"36":2,"37":2,"39":2},"path":"/Users/mortimr/projects/opyn-safe-saviour/contracts/test-utils/UniswapV2Router02Mock.sol","s":{"1":12,"2":12,"3":24,"4":12,"5":2,"6":2,"7":4,"8":2,"9":2,"10":2},"b":{},"f":{"1":12,"2":2},"fnMap":{"1":{"name":"getAmountsIn","line":8,"loc":{"start":{"line":8,"column":4},"end":{"line":21,"column":4}}},"2":{"name":"swapExactTokensForTokens","line":23,"loc":{"start":{"line":23,"column":4},"end":{"line":40,"column":4}}}},"statementMap":{"1":{"start":{"line":14,"column":8},"end":{"line":14,"column":69}},"2":{"start":{"line":16,"column":8},"end":{"line":16,"column":490}},"3":{"start":{"line":17,"column":12},"end":{"line":17,"column":43}},"4":{"start":{"line":20,"column":8},"end":{"line":20,"column":30}},"5":{"start":{"line":30,"column":8},"end":{"line":30,"column":69}},"6":{"start":{"line":32,"column":8},"end":{"line":32,"column":938}},"7":{"start":{"line":33,"column":12},"end":{"line":33,"column":46}},"8":{"start":{"line":36,"column":8},"end":{"line":36,"column":79}},"9":{"start":{"line":37,"column":8},"end":{"line":37,"column":78}},"10":{"start":{"line":39,"column":8},"end":{"line":39,"column":30}}},"branchMap":{}},"contracts/tools/NoAuthSaviourGatekeeper.sol":{"l":{"19":0,"20":0,"21":0,"22":0,"27":0,"31":0,"36":0},"path":"/Users/mortimr/projects/opyn-safe-saviour/contracts/tools/NoAuthSaviourGatekeeper.sol","s":{"1":0,"2":0,"3":0,"4":0,"5":0,"6":0,"7":0},"b":{"1":[0,0],"2":[0,0]},"f":{"1":0,"2":0,"3":0,"4":0},"fnMap":{"1":{"name":"constructor","line":18,"loc":{"start":{"line":18,"column":4},"end":{"line":23,"column":4}}},"2":{"name":"connectSAFESaviour","line":26,"loc":{"start":{"line":26,"column":4},"end":{"line":28,"column":4}}},"3":{"name":"disconnectSAFESaviour","line":30,"loc":{"start":{"line":30,"column":4},"end":{"line":32,"column":4}}},"4":{"name":"toggleSaviour","line":35,"loc":{"start":{"line":35,"column":4},"end":{"line":37,"column":4}}}},"statementMap":{"1":{"start":{"line":19,"column":8},"end":{"line":19,"column":99}},"2":{"start":{"line":20,"column":8},"end":{"line":20,"column":80}},"3":{"start":{"line":21,"column":8},"end":{"line":21,"column":68}},"4":{"start":{"line":22,"column":8},"end":{"line":22,"column":52}},"5":{"start":{"line":27,"column":8},"end":{"line":27,"column":52}},"6":{"start":{"line":31,"column":8},"end":{"line":31,"column":55}},"7":{"start":{"line":36,"column":8},"end":{"line":36,"column":38}}},"branchMap":{"1":{"line":19,"type":"if","locations":[{"start":{"line":19,"column":8},"end":{"line":19,"column":8}},{"start":{"line":19,"column":8},"end":{"line":19,"column":8}}]},"2":{"line":20,"type":"if","locations":[{"start":{"line":20,"column":8},"end":{"line":20,"column":8}},{"start":{"line":20,"column":8},"end":{"line":20,"column":8}}]}}},"contracts/utils/ReentrancyGuard.sol":{"l":{"38":161,"50":26,"53":26,"55":26,"59":20},"path":"/Users/mortimr/projects/opyn-safe-saviour/contracts/utils/ReentrancyGuard.sol","s":{"1":161,"2":26,"3":26,"4":20},"b":{"1":[26,0]},"f":{"1":161,"2":26},"fnMap":{"1":{"name":"constructor","line":37,"loc":{"start":{"line":37,"column":4},"end":{"line":39,"column":4}}},"2":{"name":"nonReentrant","line":48,"loc":{"start":{"line":48,"column":4},"end":{"line":60,"column":4}}}},"statementMap":{"1":{"start":{"line":38,"column":8},"end":{"line":38,"column":29}},"2":{"start":{"line":50,"column":8},"end":{"line":50,"column":70}},"3":{"start":{"line":53,"column":8},"end":{"line":53,"column":25}},"4":{"start":{"line":59,"column":8},"end":{"line":59,"column":29}}},"branchMap":{"1":{"line":50,"type":"if","locations":[{"start":{"line":50,"column":8},"end":{"line":50,"column":8}},{"start":{"line":50,"column":8},"end":{"line":50,"column":8}}]}}}}