{"contracts/interfaces/CollateralJoinLike.sol":{"l":{},"path":"/Users/mortimr/projects/opyn-safe-saviour/contracts/interfaces/CollateralJoinLike.sol","s":{},"b":{},"f":{},"fnMap":{},"statementMap":{},"branchMap":{}},"contracts/interfaces/ERC20Like.sol":{"l":{},"path":"/Users/mortimr/projects/opyn-safe-saviour/contracts/interfaces/ERC20Like.sol","s":{},"b":{},"f":{},"fnMap":{},"statementMap":{},"branchMap":{}},"contracts/interfaces/GebSafeManagerLike.sol":{"l":{},"path":"/Users/mortimr/projects/opyn-safe-saviour/contracts/interfaces/GebSafeManagerLike.sol","s":{},"b":{},"f":{},"fnMap":{},"statementMap":{},"branchMap":{}},"contracts/interfaces/LiquidationEngineLike.sol":{"l":{},"path":"/Users/mortimr/projects/opyn-safe-saviour/contracts/interfaces/LiquidationEngineLike.sol","s":{},"b":{},"f":{},"fnMap":{},"statementMap":{},"branchMap":{}},"contracts/interfaces/OpynSafeSaviourOperatorLike.sol":{"l":{},"path":"/Users/mortimr/projects/opyn-safe-saviour/contracts/interfaces/OpynSafeSaviourOperatorLike.sol","s":{},"b":{},"f":{},"fnMap":{},"statementMap":{},"branchMap":{}},"contracts/interfaces/OpynV2ControllerLike.sol":{"l":{},"path":"/Users/mortimr/projects/opyn-safe-saviour/contracts/interfaces/OpynV2ControllerLike.sol","s":{},"b":{},"f":{},"fnMap":{},"statementMap":{},"branchMap":{}},"contracts/interfaces/OpynV2OTokenLike.sol":{"l":{},"path":"/Users/mortimr/projects/opyn-safe-saviour/contracts/interfaces/OpynV2OTokenLike.sol","s":{},"b":{},"f":{},"fnMap":{},"statementMap":{},"branchMap":{}},"contracts/interfaces/OpynV2WhitelistLike.sol":{"l":{},"path":"/Users/mortimr/projects/opyn-safe-saviour/contracts/interfaces/OpynV2WhitelistLike.sol","s":{},"b":{},"f":{},"fnMap":{},"statementMap":{},"branchMap":{}},"contracts/interfaces/OracleRelayerLike.sol":{"l":{},"path":"/Users/mortimr/projects/opyn-safe-saviour/contracts/interfaces/OracleRelayerLike.sol","s":{},"b":{},"f":{},"fnMap":{},"statementMap":{},"branchMap":{}},"contracts/interfaces/PriceFeedLike.sol":{"l":{},"path":"/Users/mortimr/projects/opyn-safe-saviour/contracts/interfaces/PriceFeedLike.sol","s":{},"b":{},"f":{},"fnMap":{},"statementMap":{},"branchMap":{}},"contracts/interfaces/SAFEEngineLike.sol":{"l":{},"path":"/Users/mortimr/projects/opyn-safe-saviour/contracts/interfaces/SAFEEngineLike.sol","s":{},"b":{},"f":{},"fnMap":{},"statementMap":{},"branchMap":{}},"contracts/interfaces/SafeSaviourLike.sol":{"l":{"25":0,"31":0},"path":"/Users/mortimr/projects/opyn-safe-saviour/contracts/interfaces/SafeSaviourLike.sol","s":{},"b":{},"f":{"1":0,"2":0},"fnMap":{"1":{"name":"both","line":24,"loc":{"start":{"line":24,"column":4},"end":{"line":28,"column":4}}},"2":{"name":"either","line":30,"loc":{"start":{"line":30,"column":4},"end":{"line":34,"column":4}}}},"statementMap":{},"branchMap":{}},"contracts/interfaces/SAFESaviourRegistryLike.sol":{"l":{},"path":"/Users/mortimr/projects/opyn-safe-saviour/contracts/interfaces/SAFESaviourRegistryLike.sol","s":{},"b":{},"f":{},"fnMap":{},"statementMap":{},"branchMap":{}},"contracts/interfaces/UniswapV2Router02Like.sol":{"l":{},"path":"/Users/mortimr/projects/opyn-safe-saviour/contracts/interfaces/UniswapV2Router02Like.sol","s":{},"b":{},"f":{},"fnMap":{},"statementMap":{},"branchMap":{}},"contracts/math/Math.sol":{"l":{"12":0,"19":0,"28":0},"path":"/Users/mortimr/projects/opyn-safe-saviour/contracts/math/Math.sol","s":{"1":0,"2":0,"3":0},"b":{},"f":{"1":0,"2":0,"3":0},"fnMap":{"1":{"name":"max","line":11,"loc":{"start":{"line":11,"column":4},"end":{"line":13,"column":4}}},"2":{"name":"min","line":18,"loc":{"start":{"line":18,"column":4},"end":{"line":20,"column":4}}},"3":{"name":"average","line":26,"loc":{"start":{"line":26,"column":4},"end":{"line":29,"column":4}}}},"statementMap":{"1":{"start":{"line":12,"column":8},"end":{"line":12,"column":29}},"2":{"start":{"line":19,"column":8},"end":{"line":19,"column":28}},"3":{"start":{"line":28,"column":8},"end":{"line":28,"column":60}}},"branchMap":{}},"contracts/math/SafeMath.sol":{"l":{"29":0,"30":0,"32":0,"46":2,"64":2,"65":2,"67":2,"84":6,"85":0,"88":6,"89":6,"91":6,"107":6,"127":6,"128":6,"131":6,"147":0,"167":0,"168":0},"path":"/Users/mortimr/projects/opyn-safe-saviour/contracts/math/SafeMath.sol","s":{"1":0,"2":0,"3":0,"4":2,"5":2,"6":2,"7":2,"8":6,"9":0,"10":6,"11":6,"12":6,"13":6,"14":6,"15":6,"16":6,"17":0,"18":0,"19":0},"b":{"1":[0,0],"2":[2,0],"3":[0,6],"4":[6,0],"5":[6,0],"6":[0,0]},"f":{"1":0,"2":2,"3":2,"4":6,"5":6,"6":6,"7":0,"8":0},"fnMap":{"1":{"name":"add","line":28,"loc":{"start":{"line":28,"column":4},"end":{"line":33,"column":4}}},"2":{"name":"sub","line":45,"loc":{"start":{"line":45,"column":4},"end":{"line":47,"column":4}}},"3":{"name":"sub","line":59,"loc":{"start":{"line":59,"column":4},"end":{"line":68,"column":4}}},"4":{"name":"mul","line":80,"loc":{"start":{"line":80,"column":4},"end":{"line":92,"column":4}}},"5":{"name":"div","line":106,"loc":{"start":{"line":106,"column":4},"end":{"line":108,"column":4}}},"6":{"name":"div","line":122,"loc":{"start":{"line":122,"column":4},"end":{"line":132,"column":4}}},"7":{"name":"mod","line":146,"loc":{"start":{"line":146,"column":4},"end":{"line":148,"column":4}}},"8":{"name":"mod","line":162,"loc":{"start":{"line":162,"column":4},"end":{"line":169,"column":4}}}},"statementMap":{"1":{"start":{"line":29,"column":8},"end":{"line":29,"column":25}},"2":{"start":{"line":30,"column":8},"end":{"line":30,"column":53}},"3":{"start":{"line":32,"column":8},"end":{"line":32,"column":16}},"4":{"start":{"line":46,"column":8},"end":{"line":46,"column":58}},"5":{"start":{"line":64,"column":8},"end":{"line":64,"column":36}},"6":{"start":{"line":65,"column":8},"end":{"line":65,"column":25}},"7":{"start":{"line":67,"column":8},"end":{"line":67,"column":16}},"8":{"start":{"line":84,"column":8},"end":{"line":84,"column":2523}},"9":{"start":{"line":85,"column":12},"end":{"line":85,"column":20}},"10":{"start":{"line":88,"column":8},"end":{"line":88,"column":25}},"11":{"start":{"line":89,"column":8},"end":{"line":89,"column":63}},"12":{"start":{"line":91,"column":8},"end":{"line":91,"column":16}},"13":{"start":{"line":107,"column":8},"end":{"line":107,"column":54}},"14":{"start":{"line":127,"column":8},"end":{"line":127,"column":35}},"15":{"start":{"line":128,"column":8},"end":{"line":128,"column":25}},"16":{"start":{"line":131,"column":8},"end":{"line":131,"column":16}},"17":{"start":{"line":147,"column":8},"end":{"line":147,"column":52}},"18":{"start":{"line":167,"column":8},"end":{"line":167,"column":36}},"19":{"start":{"line":168,"column":8},"end":{"line":168,"column":20}}},"branchMap":{"1":{"line":30,"type":"if","locations":[{"start":{"line":30,"column":8},"end":{"line":30,"column":8}},{"start":{"line":30,"column":8},"end":{"line":30,"column":8}}]},"2":{"line":64,"type":"if","locations":[{"start":{"line":64,"column":8},"end":{"line":64,"column":8}},{"start":{"line":64,"column":8},"end":{"line":64,"column":8}}]},"3":{"line":84,"type":"if","locations":[{"start":{"line":84,"column":8},"end":{"line":84,"column":8}},{"start":{"line":84,"column":8},"end":{"line":84,"column":8}}]},"4":{"line":89,"type":"if","locations":[{"start":{"line":89,"column":8},"end":{"line":89,"column":8}},{"start":{"line":89,"column":8},"end":{"line":89,"column":8}}]},"5":{"line":127,"type":"if","locations":[{"start":{"line":127,"column":8},"end":{"line":127,"column":8}},{"start":{"line":127,"column":8},"end":{"line":127,"column":8}}]},"6":{"line":167,"type":"if","locations":[{"start":{"line":167,"column":8},"end":{"line":167,"column":8}},{"start":{"line":167,"column":8},"end":{"line":167,"column":8}}]}}},"contracts/saviours/OpynSafeSaviour.sol":{"l":{"38":0,"39":0,"43":0,"44":0,"52":0,"71":0,"72":0,"73":0,"74":0,"75":0,"76":0,"77":0,"78":0,"79":0,"80":0,"82":0,"83":0,"84":0,"86":0,"87":0,"88":0,"89":0,"90":0,"91":0,"92":0,"93":0,"95":0,"97":0,"99":0,"100":0,"108":0,"109":0,"111":0,"126":0,"128":0,"131":0,"132":0,"135":0,"141":0,"143":0,"146":0,"151":0,"154":0,"155":0,"158":0,"168":0,"171":0,"172":0,"175":0,"176":0,"179":0,"180":0,"183":0,"197":0,"199":0,"201":0,"202":0,"203":0,"205":0,"207":0,"233":0,"234":0,"236":0,"237":0,"240":0,"241":0,"244":0,"247":0,"249":0,"253":0,"255":0,"259":0,"262":0,"264":0,"271":0,"273":0,"275":0,"279":0,"286":0,"294":0,"299":0,"302":0,"303":0,"306":0,"307":0,"317":0,"320":0,"322":0,"332":0,"333":0,"336":0,"337":0,"340":0,"347":0,"348":0,"351":0,"352":0,"355":0,"364":0,"366":0,"367":0,"371":0,"372":0,"376":0,"386":0,"388":0,"389":0,"392":0,"393":0,"394":0,"398":0,"402":0,"406":0,"409":0,"410":0,"413":0},"path":"/Users/mortimr/projects/opyn-safe-saviour/contracts/saviours/OpynSafeSaviour.sol","s":{"1":0,"2":0,"3":0,"4":0,"5":0,"6":0,"7":0,"8":0,"9":0,"10":0,"11":0,"12":0,"13":0,"14":0,"15":0,"16":0,"17":0,"18":0,"19":0,"20":0,"21":0,"22":0,"23":0,"24":0,"25":0,"26":0,"27":0,"28":0,"29":0,"30":0,"31":0,"32":0,"33":0,"34":0,"35":0,"36":0,"37":0,"38":0,"39":0,"40":0,"41":0,"42":0,"43":0,"44":0,"45":0,"46":0,"47":0,"48":0,"49":0,"50":0,"51":0,"52":0,"53":0,"54":0,"55":0,"56":0,"57":0,"58":0,"59":0,"60":0,"61":0,"62":0,"63":0,"64":0,"65":0,"66":0,"67":0,"68":0,"69":0,"70":0,"71":0,"72":0,"73":0,"74":0,"75":0,"76":0,"77":0,"78":0,"79":0,"80":0,"81":0,"82":0,"83":0,"84":0,"85":0,"86":0,"87":0,"88":0,"89":0,"90":0,"91":0,"92":0,"93":0,"94":0,"95":0,"96":0,"97":0,"98":0,"99":0,"100":0,"101":0,"102":0,"103":0,"104":0,"105":0,"106":0,"107":0,"108":0,"109":0,"110":0,"111":0,"112":0,"113":0},"b":{"1":[0,0],"2":[0,0],"3":[0,0],"4":[0,0],"5":[0,0],"6":[0,0],"7":[0,0],"8":[0,0],"9":[0,0],"10":[0,0],"11":[0,0],"12":[0,0],"13":[0,0],"14":[0,0],"15":[0,0],"16":[0,0],"17":[0,0],"18":[0,0],"19":[0,0],"20":[0,0],"21":[0,0],"22":[0,0],"23":[0,0],"24":[0,0],"25":[0,0],"26":[0,0],"27":[0,0],"28":[0,0],"29":[0,0],"30":[0,0],"31":[0,0],"32":[0,0],"33":[0,0],"34":[0,0],"35":[0,0],"36":[0,0],"37":[0,0],"38":[0,0],"39":[0,0],"40":[0,0],"41":[0,0],"42":[0,0],"43":[0,0],"44":[0,0],"45":[0,0],"46":[0,0],"47":[0,0]},"f":{"1":0,"2":0,"3":0,"4":0,"5":0,"6":0,"7":0,"8":0,"9":0,"10":0,"11":0},"fnMap":{"1":{"name":"liquidationEngineApproved","line":37,"loc":{"start":{"line":37,"column":4},"end":{"line":40,"column":4}}},"2":{"name":"controlsSAFE","line":42,"loc":{"start":{"line":42,"column":4},"end":{"line":53,"column":4}}},"3":{"name":"constructor","line":59,"loc":{"start":{"line":59,"column":4},"end":{"line":112,"column":4}}},"4":{"name":"deposit","line":125,"loc":{"start":{"line":121,"column":4},"end":{"line":159,"column":4}}},"5":{"name":"withdraw","line":167,"loc":{"start":{"line":167,"column":4},"end":{"line":184,"column":4}}},"6":{"name":"setDesiredCollateralizationRatio","line":195,"loc":{"start":{"line":193,"column":4},"end":{"line":208,"column":4}}},"7":{"name":"saveSAFE","line":220,"loc":{"start":{"line":220,"column":4},"end":{"line":323,"column":4}}},"8":{"name":"keeperPayoutExceedsMinValue","line":331,"loc":{"start":{"line":331,"column":4},"end":{"line":341,"column":4}}},"9":{"name":"getKeeperPayoutValue","line":346,"loc":{"start":{"line":346,"column":4},"end":{"line":356,"column":4}}},"10":{"name":"canSave","line":363,"loc":{"start":{"line":363,"column":4},"end":{"line":378,"column":4}}},"11":{"name":"tokenAmountUsedToSave","line":385,"loc":{"start":{"line":385,"column":4},"end":{"line":415,"column":4}}}},"statementMap":{"1":{"start":{"line":38,"column":8},"end":{"line":38,"column":110}},"2":{"start":{"line":43,"column":8},"end":{"line":43,"column":61}},"3":{"start":{"line":44,"column":8},"end":{"line":44,"column":1949}},"4":{"start":{"line":71,"column":8},"end":{"line":71,"column":85}},"5":{"start":{"line":72,"column":8},"end":{"line":72,"column":91}},"6":{"start":{"line":73,"column":8},"end":{"line":73,"column":83}},"7":{"start":{"line":74,"column":8},"end":{"line":74,"column":79}},"8":{"start":{"line":75,"column":8},"end":{"line":75,"column":87}},"9":{"start":{"line":76,"column":8},"end":{"line":76,"column":105}},"10":{"start":{"line":77,"column":8},"end":{"line":77,"column":74}},"11":{"start":{"line":78,"column":8},"end":{"line":78,"column":96}},"12":{"start":{"line":79,"column":8},"end":{"line":79,"column":84}},"13":{"start":{"line":80,"column":8},"end":{"line":80,"column":85}},"14":{"start":{"line":82,"column":8},"end":{"line":82,"column":35}},"15":{"start":{"line":83,"column":8},"end":{"line":83,"column":43}},"16":{"start":{"line":84,"column":8},"end":{"line":84,"column":51}},"17":{"start":{"line":86,"column":8},"end":{"line":86,"column":68}},"18":{"start":{"line":87,"column":8},"end":{"line":87,"column":59}},"19":{"start":{"line":88,"column":8},"end":{"line":88,"column":56}},"20":{"start":{"line":89,"column":8},"end":{"line":89,"column":63}},"21":{"start":{"line":90,"column":8},"end":{"line":90,"column":53}},"22":{"start":{"line":91,"column":8},"end":{"line":91,"column":66}},"23":{"start":{"line":92,"column":8},"end":{"line":92,"column":63}},"24":{"start":{"line":93,"column":8},"end":{"line":93,"column":82}},"25":{"start":{"line":95,"column":8},"end":{"line":95,"column":85}},"26":{"start":{"line":97,"column":8},"end":{"line":97,"column":4580}},"27":{"start":{"line":99,"column":8},"end":{"line":99,"column":86}},"28":{"start":{"line":100,"column":8},"end":{"line":100,"column":4720}},"29":{"start":{"line":108,"column":8},"end":{"line":108,"column":88}},"30":{"start":{"line":109,"column":8},"end":{"line":109,"column":86}},"31":{"start":{"line":111,"column":8},"end":{"line":111,"column":83}},"32":{"start":{"line":126,"column":8},"end":{"line":126,"column":71}},"33":{"start":{"line":128,"column":8},"end":{"line":128,"column":109}},"34":{"start":{"line":131,"column":8},"end":{"line":131,"column":56}},"35":{"start":{"line":132,"column":8},"end":{"line":132,"column":73}},"36":{"start":{"line":135,"column":8},"end":{"line":135,"column":6426}},"37":{"start":{"line":141,"column":8},"end":{"line":141,"column":6761}},"38":{"start":{"line":143,"column":8},"end":{"line":143,"column":71}},"39":{"start":{"line":146,"column":8},"end":{"line":146,"column":6926}},"40":{"start":{"line":151,"column":8},"end":{"line":151,"column":78}},"41":{"start":{"line":154,"column":8},"end":{"line":154,"column":7382}},"42":{"start":{"line":155,"column":12},"end":{"line":155,"column":53}},"43":{"start":{"line":158,"column":8},"end":{"line":158,"column":60}},"44":{"start":{"line":168,"column":8},"end":{"line":168,"column":80}},"45":{"start":{"line":171,"column":8},"end":{"line":171,"column":56}},"46":{"start":{"line":172,"column":8},"end":{"line":172,"column":99}},"47":{"start":{"line":175,"column":8},"end":{"line":175,"column":78}},"48":{"start":{"line":176,"column":8},"end":{"line":176,"column":82}},"49":{"start":{"line":179,"column":8},"end":{"line":179,"column":8632}},"50":{"start":{"line":180,"column":12},"end":{"line":180,"column":52}},"51":{"start":{"line":183,"column":8},"end":{"line":183,"column":70}},"52":{"start":{"line":197,"column":8},"end":{"line":197,"column":9464}},"53":{"start":{"line":199,"column":8},"end":{"line":199,"column":56}},"54":{"start":{"line":201,"column":8},"end":{"line":201,"column":86}},"55":{"start":{"line":202,"column":8},"end":{"line":202,"column":90}},"56":{"start":{"line":203,"column":8},"end":{"line":203,"column":75}},"57":{"start":{"line":205,"column":8},"end":{"line":205,"column":93}},"58":{"start":{"line":207,"column":8},"end":{"line":207,"column":88}},"59":{"start":{"line":233,"column":8},"end":{"line":233,"column":105}},"60":{"start":{"line":234,"column":8},"end":{"line":234,"column":76}},"61":{"start":{"line":236,"column":8},"end":{"line":236,"column":11106}},"62":{"start":{"line":237,"column":12},"end":{"line":237,"column":45}},"63":{"start":{"line":240,"column":8},"end":{"line":240,"column":109}},"64":{"start":{"line":241,"column":8},"end":{"line":241,"column":97}},"65":{"start":{"line":244,"column":8},"end":{"line":244,"column":90}},"66":{"start":{"line":247,"column":8},"end":{"line":247,"column":69}},"67":{"start":{"line":253,"column":12},"end":{"line":253,"column":12103}},"68":{"start":{"line":255,"column":12},"end":{"line":255,"column":108}},"69":{"start":{"line":259,"column":8},"end":{"line":259,"column":118}},"70":{"start":{"line":262,"column":8},"end":{"line":262,"column":72}},"71":{"start":{"line":264,"column":8},"end":{"line":264,"column":12729}},"72":{"start":{"line":271,"column":8},"end":{"line":271,"column":102}},"73":{"start":{"line":273,"column":8},"end":{"line":273,"column":106}},"74":{"start":{"line":275,"column":8},"end":{"line":275,"column":72}},"75":{"start":{"line":279,"column":8},"end":{"line":279,"column":13342}},"76":{"start":{"line":286,"column":8},"end":{"line":286,"column":103}},"77":{"start":{"line":294,"column":8},"end":{"line":294,"column":14099}},"78":{"start":{"line":299,"column":8},"end":{"line":299,"column":62}},"79":{"start":{"line":302,"column":8},"end":{"line":302,"column":58}},"80":{"start":{"line":303,"column":8},"end":{"line":303,"column":72}},"81":{"start":{"line":306,"column":8},"end":{"line":306,"column":58}},"82":{"start":{"line":307,"column":8},"end":{"line":307,"column":14662}},"83":{"start":{"line":317,"column":8},"end":{"line":317,"column":88}},"84":{"start":{"line":320,"column":8},"end":{"line":320,"column":78}},"85":{"start":{"line":322,"column":8},"end":{"line":322,"column":52}},"86":{"start":{"line":332,"column":8},"end":{"line":332,"column":93}},"87":{"start":{"line":333,"column":8},"end":{"line":333,"column":15895}},"88":{"start":{"line":336,"column":8},"end":{"line":336,"column":15961}},"89":{"start":{"line":337,"column":12},"end":{"line":337,"column":24}},"90":{"start":{"line":340,"column":8},"end":{"line":340,"column":80}},"91":{"start":{"line":347,"column":8},"end":{"line":347,"column":93}},"92":{"start":{"line":348,"column":8},"end":{"line":348,"column":16472}},"93":{"start":{"line":351,"column":8},"end":{"line":351,"column":16538}},"94":{"start":{"line":352,"column":12},"end":{"line":352,"column":20}},"95":{"start":{"line":355,"column":8},"end":{"line":355,"column":54}},"96":{"start":{"line":364,"column":8},"end":{"line":364,"column":69}},"97":{"start":{"line":366,"column":8},"end":{"line":366,"column":17120}},"98":{"start":{"line":367,"column":12},"end":{"line":367,"column":24}},"99":{"start":{"line":371,"column":8},"end":{"line":371,"column":17248}},"100":{"start":{"line":372,"column":12},"end":{"line":372,"column":24}},"101":{"start":{"line":376,"column":8},"end":{"line":376,"column":17456}},"102":{"start":{"line":386,"column":8},"end":{"line":386,"column":18126}},"103":{"start":{"line":388,"column":8},"end":{"line":388,"column":93}},"104":{"start":{"line":389,"column":8},"end":{"line":389,"column":100}},"105":{"start":{"line":392,"column":8},"end":{"line":392,"column":18476}},"106":{"start":{"line":393,"column":12},"end":{"line":393,"column":37}},"107":{"start":{"line":394,"column":12},"end":{"line":394,"column":34}},"108":{"start":{"line":398,"column":8},"end":{"line":398,"column":18873}},"109":{"start":{"line":402,"column":8},"end":{"line":402,"column":19161}},"110":{"start":{"line":406,"column":8},"end":{"line":406,"column":92}},"111":{"start":{"line":409,"column":8},"end":{"line":409,"column":19513}},"112":{"start":{"line":410,"column":12},"end":{"line":410,"column":20}},"113":{"start":{"line":413,"column":12},"end":{"line":413,"column":77}}},"branchMap":{"1":{"line":38,"type":"if","locations":[{"start":{"line":38,"column":8},"end":{"line":38,"column":8}},{"start":{"line":38,"column":8},"end":{"line":38,"column":8}}]},"2":{"line":43,"type":"if","locations":[{"start":{"line":43,"column":8},"end":{"line":43,"column":8}},{"start":{"line":43,"column":8},"end":{"line":43,"column":8}}]},"3":{"line":44,"type":"if","locations":[{"start":{"line":44,"column":8},"end":{"line":44,"column":8}},{"start":{"line":44,"column":8},"end":{"line":44,"column":8}}]},"4":{"line":71,"type":"if","locations":[{"start":{"line":71,"column":8},"end":{"line":71,"column":8}},{"start":{"line":71,"column":8},"end":{"line":71,"column":8}}]},"5":{"line":72,"type":"if","locations":[{"start":{"line":72,"column":8},"end":{"line":72,"column":8}},{"start":{"line":72,"column":8},"end":{"line":72,"column":8}}]},"6":{"line":73,"type":"if","locations":[{"start":{"line":73,"column":8},"end":{"line":73,"column":8}},{"start":{"line":73,"column":8},"end":{"line":73,"column":8}}]},"7":{"line":74,"type":"if","locations":[{"start":{"line":74,"column":8},"end":{"line":74,"column":8}},{"start":{"line":74,"column":8},"end":{"line":74,"column":8}}]},"8":{"line":75,"type":"if","locations":[{"start":{"line":75,"column":8},"end":{"line":75,"column":8}},{"start":{"line":75,"column":8},"end":{"line":75,"column":8}}]},"9":{"line":76,"type":"if","locations":[{"start":{"line":76,"column":8},"end":{"line":76,"column":8}},{"start":{"line":76,"column":8},"end":{"line":76,"column":8}}]},"10":{"line":77,"type":"if","locations":[{"start":{"line":77,"column":8},"end":{"line":77,"column":8}},{"start":{"line":77,"column":8},"end":{"line":77,"column":8}}]},"11":{"line":78,"type":"if","locations":[{"start":{"line":78,"column":8},"end":{"line":78,"column":8}},{"start":{"line":78,"column":8},"end":{"line":78,"column":8}}]},"12":{"line":79,"type":"if","locations":[{"start":{"line":79,"column":8},"end":{"line":79,"column":8}},{"start":{"line":79,"column":8},"end":{"line":79,"column":8}}]},"13":{"line":80,"type":"if","locations":[{"start":{"line":80,"column":8},"end":{"line":80,"column":8}},{"start":{"line":80,"column":8},"end":{"line":80,"column":8}}]},"14":{"line":95,"type":"if","locations":[{"start":{"line":95,"column":8},"end":{"line":95,"column":8}},{"start":{"line":95,"column":8},"end":{"line":95,"column":8}}]},"15":{"line":99,"type":"if","locations":[{"start":{"line":99,"column":8},"end":{"line":99,"column":8}},{"start":{"line":99,"column":8},"end":{"line":99,"column":8}}]},"16":{"line":100,"type":"if","locations":[{"start":{"line":100,"column":8},"end":{"line":100,"column":8}},{"start":{"line":100,"column":8},"end":{"line":100,"column":8}}]},"17":{"line":108,"type":"if","locations":[{"start":{"line":108,"column":8},"end":{"line":108,"column":8}},{"start":{"line":108,"column":8},"end":{"line":108,"column":8}}]},"18":{"line":109,"type":"if","locations":[{"start":{"line":109,"column":8},"end":{"line":109,"column":8}},{"start":{"line":109,"column":8},"end":{"line":109,"column":8}}]},"19":{"line":126,"type":"if","locations":[{"start":{"line":126,"column":8},"end":{"line":126,"column":8}},{"start":{"line":126,"column":8},"end":{"line":126,"column":8}}]},"20":{"line":128,"type":"if","locations":[{"start":{"line":128,"column":8},"end":{"line":128,"column":8}},{"start":{"line":128,"column":8},"end":{"line":128,"column":8}}]},"21":{"line":132,"type":"if","locations":[{"start":{"line":132,"column":8},"end":{"line":132,"column":8}},{"start":{"line":132,"column":8},"end":{"line":132,"column":8}}]},"22":{"line":135,"type":"if","locations":[{"start":{"line":135,"column":8},"end":{"line":135,"column":8}},{"start":{"line":135,"column":8},"end":{"line":135,"column":8}}]},"23":{"line":143,"type":"if","locations":[{"start":{"line":143,"column":8},"end":{"line":143,"column":8}},{"start":{"line":143,"column":8},"end":{"line":143,"column":8}}]},"24":{"line":146,"type":"if","locations":[{"start":{"line":146,"column":8},"end":{"line":146,"column":8}},{"start":{"line":146,"column":8},"end":{"line":146,"column":8}}]},"25":{"line":154,"type":"if","locations":[{"start":{"line":154,"column":8},"end":{"line":154,"column":8}},{"start":{"line":154,"column":8},"end":{"line":154,"column":8}}]},"26":{"line":168,"type":"if","locations":[{"start":{"line":168,"column":8},"end":{"line":168,"column":8}},{"start":{"line":168,"column":8},"end":{"line":168,"column":8}}]},"27":{"line":172,"type":"if","locations":[{"start":{"line":172,"column":8},"end":{"line":172,"column":8}},{"start":{"line":172,"column":8},"end":{"line":172,"column":8}}]},"28":{"line":179,"type":"if","locations":[{"start":{"line":179,"column":8},"end":{"line":179,"column":8}},{"start":{"line":179,"column":8},"end":{"line":179,"column":8}}]},"29":{"line":201,"type":"if","locations":[{"start":{"line":201,"column":8},"end":{"line":201,"column":8}},{"start":{"line":201,"column":8},"end":{"line":201,"column":8}}]},"30":{"line":202,"type":"if","locations":[{"start":{"line":202,"column":8},"end":{"line":202,"column":8}},{"start":{"line":202,"column":8},"end":{"line":202,"column":8}}]},"31":{"line":203,"type":"if","locations":[{"start":{"line":203,"column":8},"end":{"line":203,"column":8}},{"start":{"line":203,"column":8},"end":{"line":203,"column":8}}]},"32":{"line":233,"type":"if","locations":[{"start":{"line":233,"column":8},"end":{"line":233,"column":8}},{"start":{"line":233,"column":8},"end":{"line":233,"column":8}}]},"33":{"line":234,"type":"if","locations":[{"start":{"line":234,"column":8},"end":{"line":234,"column":8}},{"start":{"line":234,"column":8},"end":{"line":234,"column":8}}]},"34":{"line":236,"type":"if","locations":[{"start":{"line":236,"column":8},"end":{"line":236,"column":8}},{"start":{"line":236,"column":8},"end":{"line":236,"column":8}}]},"35":{"line":240,"type":"if","locations":[{"start":{"line":240,"column":8},"end":{"line":240,"column":8}},{"start":{"line":240,"column":8},"end":{"line":240,"column":8}}]},"36":{"line":241,"type":"if","locations":[{"start":{"line":241,"column":8},"end":{"line":241,"column":8}},{"start":{"line":241,"column":8},"end":{"line":241,"column":8}}]},"37":{"line":244,"type":"if","locations":[{"start":{"line":244,"column":8},"end":{"line":244,"column":8}},{"start":{"line":244,"column":8},"end":{"line":244,"column":8}}]},"38":{"line":255,"type":"if","locations":[{"start":{"line":255,"column":12},"end":{"line":255,"column":12}},{"start":{"line":255,"column":12},"end":{"line":255,"column":12}}]},"39":{"line":259,"type":"if","locations":[{"start":{"line":259,"column":8},"end":{"line":259,"column":8}},{"start":{"line":259,"column":8},"end":{"line":259,"column":8}}]},"40":{"line":271,"type":"if","locations":[{"start":{"line":271,"column":8},"end":{"line":271,"column":8}},{"start":{"line":271,"column":8},"end":{"line":271,"column":8}}]},"41":{"line":294,"type":"if","locations":[{"start":{"line":294,"column":8},"end":{"line":294,"column":8}},{"start":{"line":294,"column":8},"end":{"line":294,"column":8}}]},"42":{"line":336,"type":"if","locations":[{"start":{"line":336,"column":8},"end":{"line":336,"column":8}},{"start":{"line":336,"column":8},"end":{"line":336,"column":8}}]},"43":{"line":351,"type":"if","locations":[{"start":{"line":351,"column":8},"end":{"line":351,"column":8}},{"start":{"line":351,"column":8},"end":{"line":351,"column":8}}]},"44":{"line":366,"type":"if","locations":[{"start":{"line":366,"column":8},"end":{"line":366,"column":8}},{"start":{"line":366,"column":8},"end":{"line":366,"column":8}}]},"45":{"line":371,"type":"if","locations":[{"start":{"line":371,"column":8},"end":{"line":371,"column":8}},{"start":{"line":371,"column":8},"end":{"line":371,"column":8}}]},"46":{"line":392,"type":"if","locations":[{"start":{"line":392,"column":8},"end":{"line":392,"column":8}},{"start":{"line":392,"column":8},"end":{"line":392,"column":8}}]},"47":{"line":409,"type":"if","locations":[{"start":{"line":409,"column":8},"end":{"line":409,"column":8}},{"start":{"line":409,"column":8},"end":{"line":409,"column":8}}]}}},"contracts/saviours/OpynSafeSaviourOperator.sol":{"l":{"37":55,"38":54,"39":53,"40":52,"42":51,"43":51,"44":51,"45":51,"49":2,"50":2,"54":4,"58":6,"59":5,"68":3,"70":2,"72":2,"74":2,"77":2,"80":2,"81":2,"82":2,"83":2,"84":2,"85":2,"86":2,"89":2,"91":1,"94":1,"96":1,"100":1,"103":1,"104":1,"105":1,"107":1,"109":1,"118":1,"121":1,"125":5,"127":4,"129":4,"131":3,"132":2,"134":1,"136":3,"144":8,"146":8,"147":8,"148":8,"150":8,"152":8,"154":7,"156":6,"159":6,"160":2,"163":6},"path":"/Users/mortimr/projects/opyn-safe-saviour/contracts/saviours/OpynSafeSaviourOperator.sol","s":{"1":55,"2":54,"3":53,"4":52,"5":51,"6":51,"7":51,"8":51,"9":2,"10":2,"11":4,"12":6,"13":3,"14":2,"15":2,"16":2,"17":2,"18":2,"19":2,"20":2,"21":2,"22":2,"23":2,"24":2,"25":1,"26":1,"27":1,"28":1,"29":1,"30":1,"31":1,"32":1,"33":1,"34":1,"35":5,"36":4,"37":4,"38":3,"39":2,"40":1,"41":3,"42":8,"43":8,"44":8,"45":8,"46":8,"47":8,"48":7,"49":6,"50":6,"51":2,"52":6},"b":{"1":[54,1],"2":[53,1],"3":[52,1],"4":[51,1],"5":[5,1],"6":[4,1],"7":[3,1],"8":[2,1],"9":[6,1],"10":[2,4]},"f":{"1":55,"2":2,"3":4,"4":6,"5":3,"6":5,"7":8},"fnMap":{"1":{"name":"constructor","line":31,"loc":{"start":{"line":31,"column":4},"end":{"line":46,"column":4}}},"2":{"name":"isOTokenPutOption","line":48,"loc":{"start":{"line":48,"column":4},"end":{"line":51,"column":4}}},"3":{"name":"getOpynPayout","line":53,"loc":{"start":{"line":53,"column":4},"end":{"line":55,"column":4}}},"4":{"name":"isSaviourRegistryAuthorized","line":57,"loc":{"start":{"line":57,"column":4},"end":{"line":60,"column":4}}},"5":{"name":"redeemAndSwapOTokens","line":62,"loc":{"start":{"line":62,"column":4},"end":{"line":122,"column":4}}},"6":{"name":"toggleOToken","line":124,"loc":{"start":{"line":124,"column":4},"end":{"line":137,"column":4}}},"7":{"name":"getOTokenAmountToApprove","line":139,"loc":{"start":{"line":139,"column":4},"end":{"line":164,"column":4}}}},"statementMap":{"1":{"start":{"line":37,"column":8},"end":{"line":37,"column":90}},"2":{"start":{"line":38,"column":8},"end":{"line":38,"column":88}},"3":{"start":{"line":39,"column":8},"end":{"line":39,"column":92}},"4":{"start":{"line":40,"column":8},"end":{"line":40,"column":87}},"5":{"start":{"line":42,"column":8},"end":{"line":42,"column":65}},"6":{"start":{"line":43,"column":8},"end":{"line":43,"column":62}},"7":{"start":{"line":44,"column":8},"end":{"line":44,"column":68}},"8":{"start":{"line":45,"column":8},"end":{"line":45,"column":66}},"9":{"start":{"line":49,"column":8},"end":{"line":49,"column":77}},"10":{"start":{"line":50,"column":8},"end":{"line":50,"column":20}},"11":{"start":{"line":54,"column":8},"end":{"line":54,"column":59}},"12":{"start":{"line":58,"column":8},"end":{"line":58,"column":109}},"13":{"start":{"line":68,"column":8},"end":{"line":68,"column":76}},"14":{"start":{"line":70,"column":8},"end":{"line":70,"column":91}},"15":{"start":{"line":72,"column":8},"end":{"line":72,"column":40}},"16":{"start":{"line":77,"column":12},"end":{"line":77,"column":91}},"17":{"start":{"line":80,"column":12},"end":{"line":80,"column":66}},"18":{"start":{"line":81,"column":12},"end":{"line":81,"column":57}},"19":{"start":{"line":82,"column":12},"end":{"line":82,"column":45}},"20":{"start":{"line":83,"column":12},"end":{"line":83,"column":56}},"21":{"start":{"line":84,"column":12},"end":{"line":84,"column":42}},"22":{"start":{"line":85,"column":12},"end":{"line":85,"column":38}},"23":{"start":{"line":86,"column":12},"end":{"line":86,"column":45}},"24":{"start":{"line":89,"column":12},"end":{"line":89,"column":49}},"25":{"start":{"line":91,"column":12},"end":{"line":91,"column":113}},"26":{"start":{"line":94,"column":8},"end":{"line":94,"column":37}},"27":{"start":{"line":100,"column":12},"end":{"line":100,"column":95}},"28":{"start":{"line":103,"column":12},"end":{"line":103,"column":52}},"29":{"start":{"line":104,"column":12},"end":{"line":104,"column":37}},"30":{"start":{"line":105,"column":12},"end":{"line":105,"column":36}},"31":{"start":{"line":107,"column":12},"end":{"line":107,"column":100}},"32":{"start":{"line":109,"column":12},"end":{"line":109,"column":4156}},"33":{"start":{"line":118,"column":12},"end":{"line":118,"column":114}},"34":{"start":{"line":121,"column":8},"end":{"line":121,"column":77}},"35":{"start":{"line":125,"column":8},"end":{"line":125,"column":110}},"36":{"start":{"line":127,"column":8},"end":{"line":127,"column":77}},"37":{"start":{"line":129,"column":8},"end":{"line":129,"column":63}},"38":{"start":{"line":131,"column":8},"end":{"line":131,"column":5029}},"39":{"start":{"line":132,"column":12},"end":{"line":132,"column":39}},"40":{"start":{"line":134,"column":12},"end":{"line":134,"column":39}},"41":{"start":{"line":136,"column":8},"end":{"line":136,"column":60}},"42":{"start":{"line":144,"column":8},"end":{"line":144,"column":98}},"43":{"start":{"line":146,"column":8},"end":{"line":146,"column":48}},"44":{"start":{"line":147,"column":8},"end":{"line":147,"column":40}},"45":{"start":{"line":148,"column":8},"end":{"line":148,"column":39}},"46":{"start":{"line":150,"column":8},"end":{"line":150,"column":111}},"47":{"start":{"line":152,"column":8},"end":{"line":152,"column":71}},"48":{"start":{"line":154,"column":8},"end":{"line":154,"column":77}},"49":{"start":{"line":156,"column":8},"end":{"line":156,"column":85}},"50":{"start":{"line":159,"column":8},"end":{"line":159,"column":6124}},"51":{"start":{"line":160,"column":12},"end":{"line":160,"column":31}},"52":{"start":{"line":163,"column":8},"end":{"line":163,"column":30}}},"branchMap":{"1":{"line":37,"type":"if","locations":[{"start":{"line":37,"column":8},"end":{"line":37,"column":8}},{"start":{"line":37,"column":8},"end":{"line":37,"column":8}}]},"2":{"line":38,"type":"if","locations":[{"start":{"line":38,"column":8},"end":{"line":38,"column":8}},{"start":{"line":38,"column":8},"end":{"line":38,"column":8}}]},"3":{"line":39,"type":"if","locations":[{"start":{"line":39,"column":8},"end":{"line":39,"column":8}},{"start":{"line":39,"column":8},"end":{"line":39,"column":8}}]},"4":{"line":40,"type":"if","locations":[{"start":{"line":40,"column":8},"end":{"line":40,"column":8}},{"start":{"line":40,"column":8},"end":{"line":40,"column":8}}]},"5":{"line":58,"type":"if","locations":[{"start":{"line":58,"column":8},"end":{"line":58,"column":8}},{"start":{"line":58,"column":8},"end":{"line":58,"column":8}}]},"6":{"line":125,"type":"if","locations":[{"start":{"line":125,"column":8},"end":{"line":125,"column":8}},{"start":{"line":125,"column":8},"end":{"line":125,"column":8}}]},"7":{"line":129,"type":"if","locations":[{"start":{"line":129,"column":8},"end":{"line":129,"column":8}},{"start":{"line":129,"column":8},"end":{"line":129,"column":8}}]},"8":{"line":131,"type":"if","locations":[{"start":{"line":131,"column":8},"end":{"line":131,"column":8}},{"start":{"line":131,"column":8},"end":{"line":131,"column":8}}]},"9":{"line":154,"type":"if","locations":[{"start":{"line":154,"column":8},"end":{"line":154,"column":8}},{"start":{"line":154,"column":8},"end":{"line":154,"column":8}}]},"10":{"line":159,"type":"if","locations":[{"start":{"line":159,"column":8},"end":{"line":159,"column":8}},{"start":{"line":159,"column":8},"end":{"line":159,"column":8}}]}}},"contracts/test-utils/ERC20Mock.sol":{"l":{"11":9,"15":0},"path":"/Users/mortimr/projects/opyn-safe-saviour/contracts/test-utils/ERC20Mock.sol","s":{"1":9,"2":0},"b":{},"f":{"1":78,"2":9,"3":0},"fnMap":{"1":{"name":"constructor","line":8,"loc":{"start":{"line":8,"column":4},"end":{"line":8,"column":83}}},"2":{"name":"mint","line":10,"loc":{"start":{"line":10,"column":4},"end":{"line":12,"column":4}}},"3":{"name":"burn","line":14,"loc":{"start":{"line":14,"column":4},"end":{"line":16,"column":4}}}},"statementMap":{"1":{"start":{"line":11,"column":8},"end":{"line":11,"column":27}},"2":{"start":{"line":15,"column":8},"end":{"line":15,"column":27}}},"branchMap":{}},"contracts/test-utils/OpynV2ControllerMock.sol":{"l":{"18":51,"22":7,"23":7,"27":12,"28":11,"36":6,"37":6,"41":7,"46":2,"50":2,"51":1,"53":1,"55":1,"57":1,"61":1,"63":1,"65":1,"67":1,"71":11,"72":11},"path":"/Users/mortimr/projects/opyn-safe-saviour/contracts/test-utils/OpynV2ControllerMock.sol","s":{"1":51,"2":7,"3":12,"4":6,"5":6,"6":7,"7":2,"8":2,"9":1,"10":1,"11":1,"12":1,"13":1,"14":1,"15":1,"16":1,"17":11,"18":11},"b":{"1":[7,0],"2":[11,1],"3":[2,0],"4":[1,1],"5":[1,0],"6":[1,0]},"f":{"1":51,"2":7,"3":12,"4":6,"5":7,"6":2,"7":11},"fnMap":{"1":{"name":"constructor","line":17,"loc":{"start":{"line":17,"column":4},"end":{"line":19,"column":4}}},"2":{"name":"ownerOnly","line":21,"loc":{"start":{"line":21,"column":4},"end":{"line":24,"column":4}}},"3":{"name":"isRedeemable","line":26,"loc":{"start":{"line":26,"column":4},"end":{"line":29,"column":4}}},"4":{"name":"fundOtoken","line":31,"loc":{"start":{"line":31,"column":4},"end":{"line":38,"column":4}}},"5":{"name":"toggleRedeemable","line":40,"loc":{"start":{"line":40,"column":4},"end":{"line":42,"column":4}}},"6":{"name":"operate","line":44,"loc":{"start":{"line":44,"column":4},"end":{"line":68,"column":4}}},"7":{"name":"getPayout","line":70,"loc":{"start":{"line":70,"column":4},"end":{"line":73,"column":4}}}},"statementMap":{"1":{"start":{"line":18,"column":8},"end":{"line":18,"column":25}},"2":{"start":{"line":22,"column":8},"end":{"line":22,"column":48}},"3":{"start":{"line":27,"column":8},"end":{"line":27,"column":58}},"4":{"start":{"line":36,"column":8},"end":{"line":36,"column":87}},"5":{"start":{"line":37,"column":8},"end":{"line":37,"column":90}},"6":{"start":{"line":41,"column":8},"end":{"line":41,"column":58}},"7":{"start":{"line":46,"column":8},"end":{"line":46,"column":1391}},"8":{"start":{"line":50,"column":8},"end":{"line":50,"column":68}},"9":{"start":{"line":51,"column":8},"end":{"line":51,"column":69}},"10":{"start":{"line":53,"column":8},"end":{"line":53,"column":71}},"11":{"start":{"line":55,"column":8},"end":{"line":55,"column":111}},"12":{"start":{"line":57,"column":8},"end":{"line":57,"column":1933}},"13":{"start":{"line":61,"column":8},"end":{"line":61,"column":99}},"14":{"start":{"line":63,"column":8},"end":{"line":63,"column":109}},"15":{"start":{"line":65,"column":8},"end":{"line":65,"column":87}},"16":{"start":{"line":67,"column":8},"end":{"line":67,"column":77}},"17":{"start":{"line":71,"column":8},"end":{"line":71,"column":90}},"18":{"start":{"line":72,"column":8},"end":{"line":72,"column":104}}},"branchMap":{"1":{"line":22,"type":"if","locations":[{"start":{"line":22,"column":8},"end":{"line":22,"column":8}},{"start":{"line":22,"column":8},"end":{"line":22,"column":8}}]},"2":{"line":27,"type":"if","locations":[{"start":{"line":27,"column":8},"end":{"line":27,"column":8}},{"start":{"line":27,"column":8},"end":{"line":27,"column":8}}]},"3":{"line":46,"type":"if","locations":[{"start":{"line":46,"column":8},"end":{"line":46,"column":8}},{"start":{"line":46,"column":8},"end":{"line":46,"column":8}}]},"4":{"line":50,"type":"if","locations":[{"start":{"line":50,"column":8},"end":{"line":50,"column":8}},{"start":{"line":50,"column":8},"end":{"line":50,"column":8}}]},"5":{"line":55,"type":"if","locations":[{"start":{"line":55,"column":8},"end":{"line":55,"column":8}},{"start":{"line":55,"column":8},"end":{"line":55,"column":8}}]},"6":{"line":61,"type":"if","locations":[{"start":{"line":61,"column":8},"end":{"line":61,"column":8}},{"start":{"line":61,"column":8},"end":{"line":61,"column":8}}]}}},"contracts/test-utils/OpynV2OTokenMock.sol":{"l":{"25":39,"26":39,"27":39,"28":39,"29":39,"30":39,"31":39,"35":0,"36":0,"40":7,"44":1,"48":0,"52":0,"56":0,"60":0,"64":0,"68":0,"84":28},"path":"/Users/mortimr/projects/opyn-safe-saviour/contracts/test-utils/OpynV2OTokenMock.sol","s":{"1":39,"2":39,"3":39,"4":39,"5":39,"6":39,"7":39,"8":0,"9":7,"10":1,"11":0,"12":0,"13":0,"14":0,"15":0,"16":0,"17":28},"b":{"1":[0,0]},"f":{"1":39,"2":0,"3":7,"4":1,"5":0,"6":0,"7":0,"8":0,"9":0,"10":0,"11":28},"fnMap":{"1":{"name":"constructor","line":24,"loc":{"start":{"line":17,"column":4},"end":{"line":32,"column":4}}},"2":{"name":"ownerOnly","line":34,"loc":{"start":{"line":34,"column":4},"end":{"line":37,"column":4}}},"3":{"name":"mint","line":39,"loc":{"start":{"line":39,"column":4},"end":{"line":41,"column":4}}},"4":{"name":"burn","line":43,"loc":{"start":{"line":43,"column":4},"end":{"line":45,"column":4}}},"5":{"name":"setCollateralAsset","line":47,"loc":{"start":{"line":47,"column":4},"end":{"line":49,"column":4}}},"6":{"name":"setUnderlyingAsset","line":51,"loc":{"start":{"line":51,"column":4},"end":{"line":53,"column":4}}},"7":{"name":"setStrikeAsset","line":55,"loc":{"start":{"line":55,"column":4},"end":{"line":57,"column":4}}},"8":{"name":"setStrikePrice","line":59,"loc":{"start":{"line":59,"column":4},"end":{"line":61,"column":4}}},"9":{"name":"setExpiryTimestamp","line":63,"loc":{"start":{"line":63,"column":4},"end":{"line":65,"column":4}}},"10":{"name":"setPut","line":67,"loc":{"start":{"line":67,"column":4},"end":{"line":69,"column":4}}},"11":{"name":"getOtokenDetails","line":71,"loc":{"start":{"line":71,"column":4},"end":{"line":85,"column":4}}}},"statementMap":{"1":{"start":{"line":25,"column":8},"end":{"line":25,"column":41}},"2":{"start":{"line":26,"column":8},"end":{"line":26,"column":43}},"3":{"start":{"line":27,"column":8},"end":{"line":27,"column":33}},"4":{"start":{"line":28,"column":8},"end":{"line":28,"column":33}},"5":{"start":{"line":29,"column":8},"end":{"line":29,"column":41}},"6":{"start":{"line":30,"column":8},"end":{"line":30,"column":21}},"7":{"start":{"line":31,"column":8},"end":{"line":31,"column":25}},"8":{"start":{"line":35,"column":8},"end":{"line":35,"column":48}},"9":{"start":{"line":40,"column":8},"end":{"line":40,"column":27}},"10":{"start":{"line":44,"column":8},"end":{"line":44,"column":27}},"11":{"start":{"line":48,"column":8},"end":{"line":48,"column":41}},"12":{"start":{"line":52,"column":8},"end":{"line":52,"column":41}},"13":{"start":{"line":56,"column":8},"end":{"line":56,"column":33}},"14":{"start":{"line":60,"column":8},"end":{"line":60,"column":33}},"15":{"start":{"line":64,"column":8},"end":{"line":64,"column":41}},"16":{"start":{"line":68,"column":8},"end":{"line":68,"column":21}},"17":{"start":{"line":84,"column":8},"end":{"line":84,"column":99}}},"branchMap":{"1":{"line":35,"type":"if","locations":[{"start":{"line":35,"column":8},"end":{"line":35,"column":8}},{"start":{"line":35,"column":8},"end":{"line":35,"column":8}}]}}},"contracts/test-utils/OpynV2WhitelistMock.sol":{"l":{"10":51,"14":2,"15":2,"21":2,"25":5},"path":"/Users/mortimr/projects/opyn-safe-saviour/contracts/test-utils/OpynV2WhitelistMock.sol","s":{"1":51,"2":2,"3":2,"4":5},"b":{"1":[2,0]},"f":{"1":51,"2":2,"3":2,"4":5},"fnMap":{"1":{"name":"constructor","line":9,"loc":{"start":{"line":9,"column":4},"end":{"line":11,"column":4}}},"2":{"name":"ownerOnly","line":13,"loc":{"start":{"line":13,"column":4},"end":{"line":16,"column":4}}},"3":{"name":"toggleWhitelist","line":20,"loc":{"start":{"line":20,"column":4},"end":{"line":22,"column":4}}},"4":{"name":"isWhitelistedOtoken","line":24,"loc":{"start":{"line":24,"column":4},"end":{"line":26,"column":4}}}},"statementMap":{"1":{"start":{"line":10,"column":8},"end":{"line":10,"column":25}},"2":{"start":{"line":14,"column":8},"end":{"line":14,"column":48}},"3":{"start":{"line":21,"column":8},"end":{"line":21,"column":56}},"4":{"start":{"line":25,"column":8},"end":{"line":25,"column":38}}},"branchMap":{"1":{"line":14,"type":"if","locations":[{"start":{"line":14,"column":8},"end":{"line":14,"column":8}},{"start":{"line":14,"column":8},"end":{"line":14,"column":8}}]}}},"contracts/test-utils/SaviourRegistryMock.sol":{"l":{"13":3},"path":"/Users/mortimr/projects/opyn-safe-saviour/contracts/test-utils/SaviourRegistryMock.sol","s":{"1":3},"b":{},"f":{"1":0,"2":3},"fnMap":{"1":{"name":"markSave","line":8,"loc":{"start":{"line":8,"column":4},"end":{"line":10,"column":4}}},"2":{"name":"authorizeAccount","line":12,"loc":{"start":{"line":12,"column":4},"end":{"line":14,"column":4}}}},"statementMap":{"1":{"start":{"line":13,"column":8},"end":{"line":13,"column":47}}},"branchMap":{}},"contracts/test-utils/UniswapV2Router02Mock.sol":{"l":{"14":8,"16":8,"17":16,"20":8,"30":1,"32":1,"33":2,"36":1,"37":1,"39":1},"path":"/Users/mortimr/projects/opyn-safe-saviour/contracts/test-utils/UniswapV2Router02Mock.sol","s":{"1":8,"2":8,"3":16,"4":8,"5":1,"6":1,"7":2,"8":1,"9":1,"10":1},"b":{},"f":{"1":8,"2":1},"fnMap":{"1":{"name":"getAmountsIn","line":8,"loc":{"start":{"line":8,"column":4},"end":{"line":21,"column":4}}},"2":{"name":"swapExactTokensForTokens","line":23,"loc":{"start":{"line":23,"column":4},"end":{"line":40,"column":4}}}},"statementMap":{"1":{"start":{"line":14,"column":8},"end":{"line":14,"column":69}},"2":{"start":{"line":16,"column":8},"end":{"line":16,"column":490}},"3":{"start":{"line":17,"column":12},"end":{"line":17,"column":43}},"4":{"start":{"line":20,"column":8},"end":{"line":20,"column":30}},"5":{"start":{"line":30,"column":8},"end":{"line":30,"column":69}},"6":{"start":{"line":32,"column":8},"end":{"line":32,"column":938}},"7":{"start":{"line":33,"column":12},"end":{"line":33,"column":46}},"8":{"start":{"line":36,"column":8},"end":{"line":36,"column":79}},"9":{"start":{"line":37,"column":8},"end":{"line":37,"column":78}},"10":{"start":{"line":39,"column":8},"end":{"line":39,"column":30}}},"branchMap":{}},"contracts/tools/NoAuthSaviourGatekeeper.sol":{"l":{"19":0,"20":0,"21":0,"22":0,"27":0,"31":0,"36":0},"path":"/Users/mortimr/projects/opyn-safe-saviour/contracts/tools/NoAuthSaviourGatekeeper.sol","s":{"1":0,"2":0,"3":0,"4":0,"5":0,"6":0,"7":0},"b":{"1":[0,0],"2":[0,0]},"f":{"1":0,"2":0,"3":0,"4":0},"fnMap":{"1":{"name":"constructor","line":18,"loc":{"start":{"line":18,"column":4},"end":{"line":23,"column":4}}},"2":{"name":"connectSAFESaviour","line":26,"loc":{"start":{"line":26,"column":4},"end":{"line":28,"column":4}}},"3":{"name":"disconnectSAFESaviour","line":30,"loc":{"start":{"line":30,"column":4},"end":{"line":32,"column":4}}},"4":{"name":"toggleSaviour","line":35,"loc":{"start":{"line":35,"column":4},"end":{"line":37,"column":4}}}},"statementMap":{"1":{"start":{"line":19,"column":8},"end":{"line":19,"column":99}},"2":{"start":{"line":20,"column":8},"end":{"line":20,"column":80}},"3":{"start":{"line":21,"column":8},"end":{"line":21,"column":68}},"4":{"start":{"line":22,"column":8},"end":{"line":22,"column":52}},"5":{"start":{"line":27,"column":8},"end":{"line":27,"column":52}},"6":{"start":{"line":31,"column":8},"end":{"line":31,"column":55}},"7":{"start":{"line":36,"column":8},"end":{"line":36,"column":38}}},"branchMap":{"1":{"line":19,"type":"if","locations":[{"start":{"line":19,"column":8},"end":{"line":19,"column":8}},{"start":{"line":19,"column":8},"end":{"line":19,"column":8}}]},"2":{"line":20,"type":"if","locations":[{"start":{"line":20,"column":8},"end":{"line":20,"column":8}},{"start":{"line":20,"column":8},"end":{"line":20,"column":8}}]}}},"contracts/utils/ReentrancyGuard.sol":{"l":{"38":0,"50":0,"53":0,"55":0,"59":0},"path":"/Users/mortimr/projects/opyn-safe-saviour/contracts/utils/ReentrancyGuard.sol","s":{"1":0,"2":0,"3":0,"4":0},"b":{"1":[0,0]},"f":{"1":0,"2":0},"fnMap":{"1":{"name":"constructor","line":37,"loc":{"start":{"line":37,"column":4},"end":{"line":39,"column":4}}},"2":{"name":"nonReentrant","line":48,"loc":{"start":{"line":48,"column":4},"end":{"line":60,"column":4}}}},"statementMap":{"1":{"start":{"line":38,"column":8},"end":{"line":38,"column":29}},"2":{"start":{"line":50,"column":8},"end":{"line":50,"column":70}},"3":{"start":{"line":53,"column":8},"end":{"line":53,"column":25}},"4":{"start":{"line":59,"column":8},"end":{"line":59,"column":29}}},"branchMap":{"1":{"line":50,"type":"if","locations":[{"start":{"line":50,"column":8},"end":{"line":50,"column":8}},{"start":{"line":50,"column":8},"end":{"line":50,"column":8}}]}}}}